TN:
SF:src/app/api/health-check/route.ts
FN:30,GET
FN:107,performHealthChecks
FN:151,determineOverallStatus
FNF:3
FNH:0
FNDA:0,GET
FNDA:0,performHealthChecks
FNDA:0,determineOverallStatus
DA:1,0
DA:3,0
DA:4,0
DA:5,0
DA:30,0
DA:31,0
DA:33,0
DA:35,0
DA:36,0
DA:38,0
DA:61,0
DA:63,0
DA:72,0
DA:74,0
DA:96,0
DA:108,0
DA:115,0
DA:116,0
DA:125,0
DA:127,0
DA:131,0
DA:133,0
DA:135,0
DA:139,0
DA:140,0
DA:142,0
DA:145,0
DA:148,0
DA:152,0
DA:153,0
DA:155,0
DA:156,0
DA:157,0
LF:33
LH:0
BRDA:41,0,0,0
BRDA:41,0,1,0
BRDA:42,1,0,0
BRDA:42,1,1,0
BRDA:43,2,0,0
BRDA:43,2,1,0
BRDA:44,3,0,0
BRDA:44,3,1,0
BRDA:56,4,0,0
BRDA:56,4,1,0
BRDA:61,5,0,0
BRDA:61,5,1,0
BRDA:77,6,0,0
BRDA:77,6,1,0
BRDA:78,7,0,0
BRDA:78,7,1,0
BRDA:79,8,0,0
BRDA:79,8,1,0
BRDA:80,9,0,0
BRDA:80,9,1,0
BRDA:119,10,0,0
BRDA:119,10,1,0
BRDA:140,11,0,0
BRDA:140,11,1,0
BRDA:155,12,0,0
BRDA:155,12,1,0
BRDA:156,13,0,0
BRDA:156,13,1,0
BRF:28
BRH:0
end_of_record
TN:
SF:src/app/api/manifest/route.ts
FN:27,GET
FNF:1
FNH:0
FNDA:0,GET
DA:1,0
DA:3,0
DA:4,0
DA:27,0
DA:28,0
DA:67,0
LF:6
LH:0
BRF:0
BRH:0
end_of_record
TN:
SF:src/app/api/version/route.ts
FN:9,GET
FN:90,HEAD
FN:102,(anonymous_6)
FN:103,(anonymous_7)
FNF:4
FNH:0
FNDA:0,GET
FNDA:0,HEAD
FNDA:0,(anonymous_6)
FNDA:0,(anonymous_7)
DA:1,0
DA:2,0
DA:3,0
DA:9,0
DA:10,0
DA:12,0
DA:15,0
DA:16,0
DA:17,0
DA:20,0
DA:21,0
DA:22,0
DA:24,0
DA:50,0
DA:65,0
DA:74,0
DA:76,0
DA:90,0
DA:91,0
DA:92,0
DA:93,0
DA:94,0
DA:96,0
DA:102,0
DA:103,0
DA:108,0
LF:26
LH:0
BRDA:27,0,0,0
BRDA:27,0,1,0
BRDA:43,1,0,0
BRDA:43,1,1,0
BRDA:44,2,0,0
BRDA:44,2,1,0
BRDA:53,3,0,0
BRDA:53,3,1,0
BRDA:59,4,0,0
BRDA:59,4,1,0
BRDA:60,5,0,0
BRDA:60,5,1,0
BRDA:61,6,0,0
BRDA:61,6,1,0
BRDA:79,7,0,0
BRDA:79,7,1,0
BRF:16
BRH:0
end_of_record
TN:
SF:src/app/api/version/api-compatibility/route.ts
FN:9,GET
FN:104,checkLinkedInApiHealth
FN:134,checkGitHubApiHealth
FN:189,checkVercelApiHealth
FNF:4
FNH:0
FNDA:0,GET
FNDA:0,checkLinkedInApiHealth
FNDA:0,checkGitHubApiHealth
FNDA:0,checkVercelApiHealth
DA:1,0
DA:2,0
DA:3,0
DA:9,0
DA:10,0
DA:11,0
DA:14,0
DA:15,0
DA:16,0
DA:19,0
DA:68,0
DA:81,0
DA:89,0
DA:91,0
DA:109,0
DA:110,0
DA:114,0
DA:116,0
DA:118,0
DA:124,0
DA:140,0
DA:141,0
DA:143,0
DA:145,0
DA:154,0
DA:156,0
DA:157,0
DA:158,0
DA:165,0
DA:173,0
DA:179,0
DA:194,0
DA:195,0
DA:198,0
DA:199,0
DA:201,0
DA:203,0
DA:209,0
LF:38
LH:0
BRDA:72,0,0,0
BRDA:72,0,1,0
BRDA:94,1,0,0
BRDA:94,1,1,0
BRDA:114,2,0,0
BRDA:114,2,1,0
BRDA:119,3,0,0
BRDA:119,3,1,0
BRDA:143,4,0,0
BRDA:143,4,1,0
BRDA:156,5,0,0
BRDA:156,5,1,0
BRDA:204,6,0,0
BRDA:204,6,1,0
BRDA:204,7,0,0
BRDA:204,7,1,0
BRF:16
BRH:0
end_of_record
TN:
SF:src/components/github-visualizers/GitHubStatsGrid.tsx
FN:11,GitHubStatsGrid
FN:108,(anonymous_2)
FN:140,(anonymous_3)
FNF:3
FNH:0
FNDA:0,GitHubStatsGrid
FNDA:0,(anonymous_2)
FNDA:0,(anonymous_3)
DA:4,0
DA:5,0
DA:11,0
DA:12,0
DA:14,0
DA:45,0
DA:72,0
DA:109,0
DA:118,0
DA:141,0
DA:143,0
LF:11
LH:0
BRDA:52,0,0,0
BRDA:52,0,1,0
BRDA:58,1,0,0
BRDA:58,1,1,0
BRDA:93,2,0,0
BRDA:93,2,1,0
BRDA:98,3,0,0
BRDA:98,3,1,0
BRDA:100,4,0,0
BRDA:120,5,0,0
BRDA:120,5,1,0
BRF:11
BRH:0
end_of_record
TN:
SF:src/components/github-visualizers/GitHubVisualizersSection.tsx
FN:15,GitHubVisualizersSection
FN:100,(anonymous_2)
FN:142,(anonymous_3)
FN:145,(anonymous_4)
FN:172,(anonymous_5)
FN:184,(anonymous_6)
FN:196,(anonymous_7)
FNF:7
FNH:0
FNDA:0,GitHubVisualizersSection
FNDA:0,(anonymous_2)
FNDA:0,(anonymous_3)
FNDA:0,(anonymous_4)
FNDA:0,(anonymous_5)
FNDA:0,(anonymous_6)
FNDA:0,(anonymous_7)
DA:3,0
DA:4,0
DA:5,0
DA:8,0
DA:9,0
DA:10,0
DA:11,0
DA:12,0
DA:13,0
DA:15,0
DA:16,0
DA:17,0
DA:22,0
DA:24,0
DA:35,0
DA:46,0
DA:101,0
DA:143,0
DA:145,0
DA:172,0
DA:184,0
DA:196,0
LF:22
LH:0
BRDA:46,0,0,0
BRDA:46,0,1,0
BRDA:77,1,0,0
BRDA:77,1,1,0
BRDA:92,2,0,0
BRDA:92,2,1,0
BRDA:96,3,0,0
BRDA:96,3,1,0
BRDA:121,4,0,0
BRDA:121,4,1,0
BRDA:147,5,0,0
BRDA:147,5,1,0
BRDA:160,6,0,0
BRDA:205,7,0,0
BRDA:219,8,0,0
BRDA:230,9,0,0
BRF:16
BRH:0
end_of_record
TN:
SF:src/components/github-visualizers/LanguageDistribution.tsx
FN:52,LanguageDistribution
FN:64,(anonymous_5)
FN:65,(anonymous_6)
FN:69,(anonymous_7)
FN:96,(anonymous_8)
FN:134,(anonymous_9)
FN:139,(anonymous_10)
FN:155,(anonymous_11)
FN:160,(anonymous_12)
FN:171,(anonymous_13)
FN:179,(anonymous_14)
FN:182,(anonymous_15)
FN:215,(anonymous_16)
FNF:13
FNH:0
FNDA:0,LanguageDistribution
FNDA:0,(anonymous_5)
FNDA:0,(anonymous_6)
FNDA:0,(anonymous_7)
FNDA:0,(anonymous_8)
FNDA:0,(anonymous_9)
FNDA:0,(anonymous_10)
FNDA:0,(anonymous_11)
FNDA:0,(anonymous_12)
FNDA:0,(anonymous_13)
FNDA:0,(anonymous_14)
FNDA:0,(anonymous_15)
FNDA:0,(anonymous_16)
DA:3,0
DA:4,0
DA:5,0
DA:18,0
DA:52,0
DA:53,0
DA:54,0
DA:57,0
DA:58,0
DA:60,0
DA:64,0
DA:65,0
DA:69,0
DA:70,0
DA:72,0
DA:73,0
DA:74,0
DA:77,0
DA:80,0
DA:81,0
DA:82,0
DA:84,0
DA:90,0
DA:95,0
DA:96,0
DA:100,0
DA:104,0
DA:109,0
DA:112,0
DA:126,0
DA:132,0
DA:134,0
DA:140,0
DA:145,0
DA:156,0
DA:161,0
DA:166,0
DA:170,0
DA:171,0
DA:179,0
DA:182,0
DA:183,0
DA:187,0
DA:216,0
LF:44
LH:0
BRDA:62,0,0,0
BRDA:62,0,1,0
BRDA:70,1,0,0
BRDA:70,1,1,0
BRDA:70,2,0,0
BRDA:70,2,1,0
BRDA:70,2,2,0
BRDA:134,3,0,0
BRDA:134,3,1,0
BRDA:179,4,0,0
BRDA:179,4,1,0
BRDA:187,5,0,0
BRDA:187,5,1,0
BRDA:225,6,0,0
BRDA:225,6,1,0
BRF:15
BRH:0
end_of_record
TN:
SF:src/components/github-visualizers/heatmap/ContributionHeatmap.tsx
FN:30,HeatmapSkeleton
FN:37,(anonymous_2)
FN:39,(anonymous_3)
FN:52,ContributionHeatmap
FN:66,(anonymous_5)
FN:72,(anonymous_6)
FN:82,(anonymous_7)
FN:86,(anonymous_8)
FN:114,(anonymous_9)
FN:126,(anonymous_10)
FN:128,(anonymous_11)
FN:135,(anonymous_12)
FN:151,(anonymous_13)
FN:165,(anonymous_14)
FN:175,(anonymous_15)
FN:232,(anonymous_16)
FN:241,(anonymous_17)
FN:244,(anonymous_18)
FN:252,(anonymous_19)
FNF:19
FNH:0
FNDA:0,HeatmapSkeleton
FNDA:0,(anonymous_2)
FNDA:0,(anonymous_3)
FNDA:0,ContributionHeatmap
FNDA:0,(anonymous_5)
FNDA:0,(anonymous_6)
FNDA:0,(anonymous_7)
FNDA:0,(anonymous_8)
FNDA:0,(anonymous_9)
FNDA:0,(anonymous_10)
FNDA:0,(anonymous_11)
FNDA:0,(anonymous_12)
FNDA:0,(anonymous_13)
FNDA:0,(anonymous_14)
FNDA:0,(anonymous_15)
FNDA:0,(anonymous_16)
FNDA:0,(anonymous_17)
FNDA:0,(anonymous_18)
FNDA:0,(anonymous_19)
DA:3,0
DA:4,0
DA:5,0
DA:6,0
DA:8,0
DA:10,0
DA:11,0
DA:12,0
DA:13,0
DA:38,0
DA:40,0
DA:52,0
DA:53,0
DA:58,0
DA:59,0
DA:60,0
DA:61,0
DA:62,0
DA:64,0
DA:66,0
DA:72,0
DA:73,0
DA:74,0
DA:75,0
DA:76,0
DA:77,0
DA:79,0
DA:82,0
DA:83,0
DA:85,0
DA:86,0
DA:89,0
DA:90,0
DA:91,0
DA:92,0
DA:93,0
DA:94,0
DA:97,0
DA:98,0
DA:99,0
DA:108,0
DA:111,0
DA:114,0
DA:115,0
DA:116,0
DA:126,0
DA:127,0
DA:128,0
DA:131,0
DA:132,0
DA:133,0
DA:135,0
DA:136,0
DA:137,0
DA:138,0
DA:139,0
DA:140,0
DA:141,0
DA:143,0
DA:146,0
DA:151,0
DA:152,0
DA:155,0
DA:165,0
DA:166,0
DA:167,0
DA:168,0
DA:169,0
DA:171,0
DA:175,0
DA:177,0
DA:180,0
DA:198,0
DA:232,0
DA:241,0
DA:245,0
DA:252,0
LF:77
LH:0
BRDA:83,0,0,0
BRDA:83,0,1,0
BRDA:93,1,0,0
BRDA:93,1,1,0
BRDA:115,2,0,0
BRDA:115,2,1,0
BRDA:136,3,0,0
BRDA:136,3,1,0
BRDA:138,4,0,0
BRDA:138,4,1,0
BRDA:138,5,0,0
BRDA:138,5,1,0
BRDA:140,6,0,0
BRDA:140,6,1,0
BRDA:152,7,0,0
BRDA:152,7,1,0
BRDA:152,8,0,0
BRDA:152,8,1,0
BRDA:167,9,0,0
BRDA:167,9,1,0
BRDA:167,10,0,0
BRDA:167,10,1,0
BRDA:180,11,0,0
BRDA:180,11,1,0
BRDA:198,12,0,0
BRDA:198,12,1,0
BRDA:198,13,0,0
BRDA:198,13,1,0
BRDA:216,14,0,0
BRDA:216,14,1,0
BRDA:302,15,0,0
BRDA:324,16,0,0
BRF:32
BRH:0
end_of_record
TN:
SF:src/components/github-visualizers/heatmap/HeatmapGrid.tsx
FN:14,HeatmapGrid
FN:18,(anonymous_5)
FN:38,(anonymous_6)
FN:45,(anonymous_7)
FN:68,(anonymous_8)
FN:94,(anonymous_9)
FN:117,(anonymous_10)
FN:120,(anonymous_11)
FN:125,(anonymous_12)
FN:130,(anonymous_13)
FN:140,(anonymous_14)
FN:152,(anonymous_15)
FN:167,(anonymous_16)
FN:171,(anonymous_17)
FN:185,(anonymous_18)
FNF:15
FNH:0
FNDA:0,HeatmapGrid
FNDA:0,(anonymous_5)
FNDA:0,(anonymous_6)
FNDA:0,(anonymous_7)
FNDA:0,(anonymous_8)
FNDA:0,(anonymous_9)
FNDA:0,(anonymous_10)
FNDA:0,(anonymous_11)
FNDA:0,(anonymous_12)
FNDA:0,(anonymous_13)
FNDA:0,(anonymous_14)
FNDA:0,(anonymous_15)
FNDA:0,(anonymous_16)
FNDA:0,(anonymous_17)
FNDA:0,(anonymous_18)
DA:3,0
DA:4,0
DA:14,0
DA:15,0
DA:16,0
DA:18,0
DA:19,0
DA:20,0
DA:21,0
DA:22,0
DA:24,0
DA:25,0
DA:27,0
DA:38,0
DA:39,0
DA:40,0
DA:45,0
DA:46,0
DA:48,0
DA:49,0
DA:51,0
DA:53,0
DA:59,0
DA:63,0
DA:66,0
DA:68,0
DA:70,0
DA:71,0
DA:72,0
DA:73,0
DA:75,0
DA:76,0
DA:89,0
DA:90,0
DA:92,0
DA:94,0
DA:95,0
DA:96,0
DA:110,0
DA:112,0
DA:117,0
DA:119,0
DA:120,0
DA:125,0
DA:130,0
DA:137,0
DA:142,0
DA:143,0
DA:144,0
DA:151,0
DA:153,0
DA:156,0
DA:165,0
DA:168,0
DA:169,0
DA:172,0
DA:175,0
DA:183,0
DA:186,0
DA:187,0
DA:190,0
DA:200,0
DA:203,0
DA:204,0
LF:64
LH:0
BRDA:19,0,0,0
BRDA:19,0,1,0
BRDA:20,1,0,0
BRDA:20,1,1,0
BRDA:21,2,0,0
BRDA:21,2,1,0
BRDA:46,3,0,0
BRDA:46,3,1,0
BRDA:46,4,0,0
BRDA:46,4,1,0
BRDA:75,5,0,0
BRDA:75,5,1,0
BRDA:95,6,0,0
BRDA:95,6,1,0
BRDA:160,7,0,0
BRDA:160,7,1,0
BRF:16
BRH:0
end_of_record
TN:
SF:src/components/github-visualizers/heatmap/HeatmapLegend.tsx
FN:14,HeatmapLegend
FN:26,(anonymous_2)
FN:54,(anonymous_3)
FNF:3
FNH:0
FNDA:0,HeatmapLegend
FNDA:0,(anonymous_2)
FNDA:0,(anonymous_3)
DA:3,0
DA:4,0
DA:6,0
DA:14,0
DA:27,0
DA:55,0
LF:6
LH:0
BRF:0
BRH:0
end_of_record
TN:
SF:src/components/github-visualizers/heatmap/HeatmapTooltip.tsx
FN:14,HeatmapTooltip
FN:15,(anonymous_2)
FN:69,(anonymous_3)
FN:164,(anonymous_4)
FNF:4
FNH:0
FNDA:0,HeatmapTooltip
FNDA:0,(anonymous_2)
FNDA:0,(anonymous_3)
FNDA:0,(anonymous_4)
DA:3,0
DA:4,0
DA:6,0
DA:14,0
DA:15,0
DA:16,0
DA:18,0
DA:19,0
DA:26,0
DA:31,0
DA:37,0
DA:47,0
DA:57,0
DA:69,0
DA:70,0
DA:72,0
DA:73,0
DA:74,0
DA:76,0
DA:77,0
DA:80,0
DA:81,0
DA:82,0
DA:86,0
DA:87,0
DA:90,0
DA:91,0
DA:95,0
DA:98,0
DA:165,0
LF:30
LH:0
BRDA:16,0,0,0
BRDA:16,0,1,0
BRDA:31,1,0,0
BRDA:31,1,1,0
BRDA:33,2,0,0
BRDA:33,2,1,0
BRDA:37,3,0,0
BRDA:37,3,1,0
BRDA:39,4,0,0
BRDA:39,4,1,0
BRDA:41,5,0,0
BRDA:41,5,1,0
BRDA:43,6,0,0
BRDA:43,6,1,0
BRDA:47,7,0,0
BRDA:47,7,1,0
BRDA:49,8,0,0
BRDA:49,8,1,0
BRDA:51,9,0,0
BRDA:51,9,1,0
BRDA:53,10,0,0
BRDA:53,10,1,0
BRDA:64,11,0,0
BRDA:64,11,1,0
BRDA:70,12,0,0
BRDA:70,12,1,0
BRDA:70,13,0,0
BRDA:70,13,1,0
BRDA:80,14,0,0
BRDA:80,14,1,0
BRDA:81,15,0,0
BRDA:81,15,1,0
BRDA:86,16,0,0
BRDA:86,16,1,0
BRDA:90,17,0,0
BRDA:90,17,1,0
BRDA:98,18,0,0
BRDA:98,18,1,0
BRDA:98,19,0,0
BRDA:98,19,1,0
BRDA:102,20,0,0
BRDA:125,21,0,0
BRDA:130,22,0,0
BRDA:168,23,0,0
BRDA:168,23,1,0
BRDA:168,24,0,0
BRDA:168,24,1,0
BRDA:169,25,0,0
BRDA:169,25,1,0
BRDA:171,26,0,0
BRDA:171,26,1,0
BRDA:173,27,0,0
BRDA:173,27,1,0
BRDA:175,28,0,0
BRDA:175,28,1,0
BRDA:191,29,0,0
BRDA:191,29,1,0
BRDA:192,30,0,0
BRDA:192,30,1,0
BRF:59
BRH:0
end_of_record
TN:
SF:src/components/github-visualizers/network/NetworkControls.tsx
FN:24,(anonymous_4)
FN:49,(anonymous_5)
FN:57,(anonymous_6)
FN:74,(anonymous_7)
FN:81,(anonymous_8)
FN:93,(anonymous_9)
FN:94,(anonymous_10)
FN:140,(anonymous_11)
FNF:8
FNH:0
FNDA:0,(anonymous_4)
FNDA:0,(anonymous_5)
FNDA:0,(anonymous_6)
FNDA:0,(anonymous_7)
FNDA:0,(anonymous_8)
FNDA:0,(anonymous_9)
FNDA:0,(anonymous_10)
FNDA:0,(anonymous_11)
DA:3,0
DA:4,0
DA:5,0
DA:6,0
DA:24,0
DA:39,0
DA:40,0
DA:43,0
DA:49,0
DA:50,0
DA:52,0
DA:54,0
DA:55,0
DA:57,0
DA:58,0
DA:59,0
DA:60,0
DA:61,0
DA:62,0
DA:63,0
DA:67,0
DA:69,0
DA:70,0
DA:72,0
DA:74,0
DA:77,0
DA:81,0
DA:82,0
DA:83,0
DA:86,0
DA:87,0
DA:93,0
DA:94,0
DA:95,0
DA:97,0
DA:98,0
DA:100,0
DA:103,0
DA:104,0
DA:107,0
DA:108,0
DA:111,0
DA:112,0
DA:115,0
DA:116,0
DA:118,0
DA:119,0
DA:121,0
DA:122,0
DA:125,0
DA:126,0
DA:127,0
DA:128,0
DA:131,0
DA:132,0
DA:133,0
DA:136,0
DA:139,0
DA:140,0
DA:172,0
LF:60
LH:0
BRDA:25,0,0,0
BRDA:26,1,0,0
BRDA:27,2,0,0
BRDA:28,3,0,0
BRDA:29,4,0,0
BRDA:30,5,0,0
BRDA:31,6,0,0
BRDA:32,7,0,0
BRDA:33,8,0,0
BRDA:34,9,0,0
BRDA:35,10,0,0
BRDA:36,11,0,0
BRDA:50,12,0,0
BRDA:50,12,1,0
BRDA:58,13,0,0
BRDA:58,13,1,0
BRDA:82,14,0,0
BRDA:82,14,1,0
BRDA:82,15,0,0
BRDA:82,15,1,0
BRDA:86,16,0,0
BRDA:86,16,1,0
BRDA:95,17,0,0
BRDA:95,17,1,0
BRDA:100,18,0,0
BRDA:100,18,1,0
BRDA:100,18,2,0
BRDA:100,18,3,0
BRDA:100,18,4,0
BRDA:100,18,5,0
BRDA:100,18,6,0
BRDA:100,18,7,0
BRDA:100,18,8,0
BRDA:100,18,9,0
BRDA:100,18,10,0
BRDA:100,18,11,0
BRF:36
BRH:0
end_of_record
TN:
SF:src/components/github-visualizers/network/NetworkEdge.tsx
FN:32,(anonymous_4)
FN:41,(anonymous_5)
FN:49,(anonymous_6)
FN:54,(anonymous_7)
FN:88,(anonymous_8)
FN:89,(anonymous_9)
FN:101,(anonymous_10)
FN:129,(anonymous_11)
FNF:8
FNH:0
FNDA:0,(anonymous_4)
FNDA:0,(anonymous_5)
FNDA:0,(anonymous_6)
FNDA:0,(anonymous_7)
FNDA:0,(anonymous_8)
FNDA:0,(anonymous_9)
FNDA:0,(anonymous_10)
FNDA:0,(anonymous_11)
DA:3,0
DA:4,0
DA:5,0
DA:32,0
DA:37,0
DA:38,0
DA:41,0
DA:49,0
DA:50,0
DA:51,0
DA:52,0
DA:54,0
DA:56,0
DA:66,0
DA:69,0
DA:75,0
DA:76,0
DA:79,0
DA:80,0
DA:81,0
DA:82,0
DA:84,0
DA:88,0
DA:89,0
DA:90,0
DA:94,0
DA:95,0
DA:98,0
DA:99,0
DA:101,0
DA:103,0
DA:113,0
DA:114,0
DA:116,0
DA:122,0
DA:123,0
DA:124,0
DA:126,0
DA:129,0
DA:130,0
DA:132,0
DA:133,0
DA:134,0
DA:137,0
DA:139,0
DA:140,0
DA:145,0
DA:148,0
LF:48
LH:0
BRDA:66,0,0,0
BRDA:66,0,1,0
BRDA:90,1,0,0
BRDA:90,1,1,0
BRDA:90,1,2,0
BRDA:90,1,3,0
BRDA:90,1,4,0
BRDA:90,1,5,0
BRDA:94,2,0,0
BRDA:94,2,1,0
BRDA:113,3,0,0
BRDA:113,3,1,0
BRDA:130,4,0,0
BRDA:130,4,1,0
BRDA:133,5,0,0
BRDA:133,5,1,0
BRDA:133,6,0,0
BRDA:133,6,1,0
BRDA:137,7,0,0
BRDA:137,7,1,0
BRDA:137,8,0,0
BRDA:137,8,1,0
BRF:22
BRH:0
end_of_record
TN:
SF:src/components/github-visualizers/network/NetworkNode.tsx
FN:33,(anonymous_4)
FN:48,(anonymous_5)
FN:77,(anonymous_6)
FN:82,(anonymous_7)
FN:88,(anonymous_8)
FN:93,(anonymous_9)
FNF:6
FNH:0
FNDA:0,(anonymous_4)
FNDA:0,(anonymous_5)
FNDA:0,(anonymous_6)
FNDA:0,(anonymous_7)
FNDA:0,(anonymous_8)
FNDA:0,(anonymous_9)
DA:3,0
DA:4,0
DA:6,0
DA:33,0
DA:43,0
DA:44,0
DA:45,0
DA:48,0
DA:49,0
DA:60,0
DA:67,0
DA:74,0
DA:77,0
DA:78,0
DA:79,0
DA:82,0
DA:83,0
DA:84,0
DA:85,0
DA:88,0
DA:89,0
DA:90,0
DA:93,0
DA:94,0
DA:96,0
DA:99,0
DA:100,0
DA:103,0
DA:104,0
DA:107,0
DA:108,0
DA:109,0
DA:111,0
DA:112,0
DA:113,0
DA:114,0
DA:115,0
DA:116,0
DA:117,0
DA:118,0
DA:119,0
DA:120,0
DA:121,0
DA:122,0
DA:126,0
DA:129,0
DA:130,0
DA:131,0
DA:134,0
DA:135,0
DA:136,0
DA:137,0
DA:138,0
DA:140,0
DA:144,0
DA:145,0
DA:148,0
DA:149,0
DA:154,0
DA:157,0
LF:60
LH:0
BRDA:94,0,0,0
BRDA:94,0,1,0
BRDA:94,1,0,0
BRDA:94,1,1,0
BRDA:94,1,2,0
BRDA:111,2,0,0
BRDA:111,2,1,0
BRDA:115,3,0,0
BRDA:115,3,1,0
BRDA:119,4,0,0
BRDA:119,4,1,0
BRDA:119,5,0,0
BRDA:119,5,1,0
BRDA:129,6,0,0
BRDA:129,6,1,0
BRDA:129,7,0,0
BRDA:129,7,1,0
BRDA:134,8,0,0
BRDA:134,8,1,0
BRDA:134,9,0,0
BRDA:134,9,1,0
BRDA:138,10,0,0
BRDA:138,10,1,0
BRDA:148,11,0,0
BRDA:148,11,1,0
BRDA:148,12,0,0
BRDA:148,12,1,0
BRF:27
BRH:0
end_of_record
TN:
SF:src/components/github-visualizers/network/RepositoryNetwork.tsx
FN:20,NetworkNodes
FN:24,NetworkConnections
FN:28,NetworkScene
FN:32,NetworkSkeleton
FN:40,(anonymous_5)
FN:60,RepositoryNetwork
FN:68,(anonymous_7)
FN:77,(anonymous_8)
FN:81,(anonymous_9)
FN:94,(anonymous_10)
FNF:10
FNH:0
FNDA:0,NetworkNodes
FNDA:0,NetworkConnections
FNDA:0,NetworkScene
FNDA:0,NetworkSkeleton
FNDA:0,(anonymous_5)
FNDA:0,RepositoryNetwork
FNDA:0,(anonymous_7)
FNDA:0,(anonymous_8)
FNDA:0,(anonymous_9)
FNDA:0,(anonymous_10)
DA:3,0
DA:6,0
DA:7,0
DA:8,0
DA:11,0
DA:21,0
DA:25,0
DA:29,0
DA:41,0
DA:60,0
DA:61,0
DA:66,0
DA:68,0
DA:74,0
DA:77,0
DA:78,0
DA:80,0
DA:81,0
DA:91,0
DA:94,0
DA:95,0
DA:98,0
DA:116,0
LF:23
LH:0
BRDA:78,0,0,0
BRDA:78,0,1,0
BRDA:95,1,0,0
BRDA:95,1,1,0
BRDA:98,2,0,0
BRDA:98,2,1,0
BRDA:116,3,0,0
BRDA:116,3,1,0
BRDA:116,4,0,0
BRDA:116,4,1,0
BRDA:135,5,0,0
BRDA:135,5,1,0
BRF:12
BRH:0
end_of_record
TN:
SF:src/components/github-visualizers/network/RepositoryNetwork3D.tsx
FN:67,Repository3DNode
FN:71,ConnectionLines
FN:75,BackgroundParticles
FN:79,NetworkScene
FN:83,RepositoryNetwork3D
FN:88,(anonymous_9)
FN:111,(anonymous_10)
FN:114,(anonymous_11)
FN:133,(anonymous_12)
FN:135,(anonymous_13)
FN:136,(anonymous_14)
FN:188,(anonymous_15)
FNF:12
FNH:0
FNDA:0,Repository3DNode
FNDA:0,ConnectionLines
FNDA:0,BackgroundParticles
FNDA:0,NetworkScene
FNDA:0,RepositoryNetwork3D
FNDA:0,(anonymous_9)
FNDA:0,(anonymous_10)
FNDA:0,(anonymous_11)
FNDA:0,(anonymous_12)
FNDA:0,(anonymous_13)
FNDA:0,(anonymous_14)
FNDA:0,(anonymous_15)
DA:3,0
DA:6,0
DA:12,0
DA:24,0
DA:68,0
DA:72,0
DA:76,0
DA:80,0
DA:83,0
DA:84,0
DA:85,0
DA:88,0
DA:111,0
DA:112,0
DA:114,0
DA:118,0
DA:121,0
DA:122,0
DA:123,0
DA:124,0
DA:129,0
DA:133,0
DA:134,0
DA:135,0
DA:136,0
DA:138,0
DA:139,0
DA:140,0
DA:141,0
DA:143,0
DA:148,0
DA:152,0
DA:159,0
DA:162,0
DA:163,0
DA:164,0
DA:165,0
DA:167,0
DA:171,0
DA:173,0
DA:188,0
DA:189,0
DA:192,0
LF:43
LH:0
BRDA:83,0,0,0
BRDA:118,1,0,0
BRDA:118,1,1,0
BRDA:118,1,2,0
BRDA:133,2,0,0
BRDA:133,2,1,0
BRDA:134,3,0,0
BRDA:134,3,1,0
BRDA:135,4,0,0
BRDA:135,4,1,0
BRDA:135,5,0,0
BRDA:135,5,1,0
BRDA:159,6,0,0
BRDA:159,6,1,0
BRDA:165,7,0,0
BRDA:165,7,1,0
BRDA:192,8,0,0
BRDA:192,8,1,0
BRF:18
BRH:0
end_of_record
TN:
SF:src/components/github-visualizers/timeline/ActivityTimeline.tsx
FN:65,(anonymous_4)
FN:83,(anonymous_5)
FN:84,(anonymous_6)
FN:96,(anonymous_7)
FN:98,(anonymous_8)
FN:104,(anonymous_9)
FN:105,(anonymous_10)
FN:110,(anonymous_11)
FN:119,(anonymous_12)
FN:124,(anonymous_13)
FN:129,(anonymous_14)
FN:136,(anonymous_15)
FN:137,(anonymous_16)
FN:141,(anonymous_17)
FN:142,(anonymous_18)
FN:154,(anonymous_19)
FN:158,(anonymous_20)
FN:163,(anonymous_21)
FN:187,(anonymous_22)
FN:193,(anonymous_23)
FN:229,(anonymous_24)
FN:230,(anonymous_25)
FN:234,(anonymous_26)
FN:235,(anonymous_27)
FN:249,(anonymous_28)
FN:251,(anonymous_29)
FN:286,(anonymous_30)
FN:289,(anonymous_31)
FN:290,(anonymous_32)
FN:291,(anonymous_33)
FN:292,(anonymous_34)
FN:293,(anonymous_35)
FN:293,(anonymous_36)
FN:299,(anonymous_37)
FN:306,(anonymous_38)
FN:313,(anonymous_39)
FN:314,(anonymous_40)
FN:324,(anonymous_41)
FN:333,(anonymous_42)
FN:334,(anonymous_43)
FN:338,(anonymous_44)
FN:340,(anonymous_45)
FN:350,(anonymous_46)
FN:357,(anonymous_47)
FN:358,(anonymous_48)
FN:361,(anonymous_49)
FN:362,(anonymous_50)
FN:365,(anonymous_51)
FN:366,(anonymous_52)
FN:369,(anonymous_53)
FN:370,(anonymous_54)
FN:374,(anonymous_55)
FN:375,(anonymous_56)
FN:459,(anonymous_57)
FN:492,(anonymous_58)
FN:502,(anonymous_59)
FN:502,(anonymous_60)
FN:518,(anonymous_61)
FN:518,(anonymous_62)
FN:525,(anonymous_63)
FN:530,(anonymous_64)
FN:530,(anonymous_65)
FNF:62
FNH:0
FNDA:0,(anonymous_4)
FNDA:0,(anonymous_5)
FNDA:0,(anonymous_6)
FNDA:0,(anonymous_7)
FNDA:0,(anonymous_8)
FNDA:0,(anonymous_9)
FNDA:0,(anonymous_10)
FNDA:0,(anonymous_11)
FNDA:0,(anonymous_12)
FNDA:0,(anonymous_13)
FNDA:0,(anonymous_14)
FNDA:0,(anonymous_15)
FNDA:0,(anonymous_16)
FNDA:0,(anonymous_17)
FNDA:0,(anonymous_18)
FNDA:0,(anonymous_19)
FNDA:0,(anonymous_20)
FNDA:0,(anonymous_21)
FNDA:0,(anonymous_22)
FNDA:0,(anonymous_23)
FNDA:0,(anonymous_24)
FNDA:0,(anonymous_25)
FNDA:0,(anonymous_26)
FNDA:0,(anonymous_27)
FNDA:0,(anonymous_28)
FNDA:0,(anonymous_29)
FNDA:0,(anonymous_30)
FNDA:0,(anonymous_31)
FNDA:0,(anonymous_32)
FNDA:0,(anonymous_33)
FNDA:0,(anonymous_34)
FNDA:0,(anonymous_35)
FNDA:0,(anonymous_36)
FNDA:0,(anonymous_37)
FNDA:0,(anonymous_38)
FNDA:0,(anonymous_39)
FNDA:0,(anonymous_40)
FNDA:0,(anonymous_41)
FNDA:0,(anonymous_42)
FNDA:0,(anonymous_43)
FNDA:0,(anonymous_44)
FNDA:0,(anonymous_45)
FNDA:0,(anonymous_46)
FNDA:0,(anonymous_47)
FNDA:0,(anonymous_48)
FNDA:0,(anonymous_49)
FNDA:0,(anonymous_50)
FNDA:0,(anonymous_51)
FNDA:0,(anonymous_52)
FNDA:0,(anonymous_53)
FNDA:0,(anonymous_54)
FNDA:0,(anonymous_55)
FNDA:0,(anonymous_56)
FNDA:0,(anonymous_57)
FNDA:0,(anonymous_58)
FNDA:0,(anonymous_59)
FNDA:0,(anonymous_60)
FNDA:0,(anonymous_61)
FNDA:0,(anonymous_62)
FNDA:0,(anonymous_63)
FNDA:0,(anonymous_64)
FNDA:0,(anonymous_65)
DA:3,0
DA:4,0
DA:5,0
DA:6,0
DA:9,0
DA:10,0
DA:24,0
DA:45,0
DA:55,0
DA:65,0
DA:66,0
DA:67,0
DA:68,0
DA:70,0
DA:83,0
DA:84,0
DA:86,0
DA:87,0
DA:90,0
DA:91,0
DA:92,0
DA:96,0
DA:98,0
DA:104,0
DA:105,0
DA:109,0
DA:110,0
DA:119,0
DA:120,0
DA:123,0
DA:124,0
DA:128,0
DA:129,0
DA:132,0
DA:136,0
DA:137,0
DA:141,0
DA:142,0
DA:143,0
DA:144,0
DA:145,0
DA:152,0
DA:153,0
DA:154,0
DA:158,0
DA:159,0
DA:163,0
DA:164,0
DA:166,0
DA:167,0
DA:169,0
DA:170,0
DA:171,0
DA:173,0
DA:177,0
DA:182,0
DA:187,0
DA:188,0
DA:189,0
DA:190,0
DA:193,0
DA:195,0
DA:200,0
DA:204,0
DA:208,0
DA:216,0
DA:224,0
DA:228,0
DA:229,0
DA:230,0
DA:233,0
DA:234,0
DA:235,0
DA:237,0
DA:238,0
DA:248,0
DA:249,0
DA:251,0
DA:254,0
DA:262,0
DA:263,0
DA:269,0
DA:274,0
DA:281,0
DA:286,0
DA:288,0
DA:289,0
DA:291,0
DA:292,0
DA:293,0
DA:295,0
DA:300,0
DA:307,0
DA:314,0
DA:321,0
DA:325,0
DA:326,0
DA:329,0
DA:332,0
DA:333,0
DA:334,0
DA:337,0
DA:338,0
DA:340,0
DA:343,0
DA:346,0
DA:349,0
DA:350,0
DA:353,0
DA:357,0
DA:358,0
DA:361,0
DA:362,0
DA:365,0
DA:366,0
DA:369,0
DA:370,0
DA:374,0
DA:375,0
DA:376,0
DA:379,0
DA:459,0
DA:493,0
DA:502,0
DA:518,0
DA:525,0
DA:530,0
LF:127
LH:0
BRDA:65,0,0,0
BRDA:103,1,0,0
BRDA:103,1,1,0
BRDA:123,2,0,0
BRDA:123,2,1,0
BRDA:128,3,0,0
BRDA:128,3,1,0
BRDA:143,4,0,0
BRDA:143,4,1,0
BRDA:164,5,0,0
BRDA:164,5,1,0
BRDA:164,6,0,0
BRDA:164,6,1,0
BRDA:164,6,2,0
BRDA:164,6,3,0
BRDA:237,7,0,0
BRDA:237,7,1,0
BRDA:295,8,0,0
BRDA:295,8,1,0
BRDA:379,9,0,0
BRDA:379,9,1,0
BRDA:403,10,0,0
BRDA:441,11,0,0
BRDA:453,12,0,0
BRDA:453,12,1,0
BRDA:469,13,0,0
BRDA:476,14,0,0
BRDA:512,15,0,0
BRF:28
BRH:0
end_of_record
TN:
SF:src/components/github-visualizers/timeline/TimelineAxis.tsx
FN:16,(anonymous_4)
FN:26,(anonymous_5)
FN:48,(anonymous_6)
FN:85,(anonymous_7)
FN:86,(anonymous_8)
FN:99,(anonymous_9)
FN:100,(anonymous_10)
FN:102,(anonymous_11)
FN:106,(anonymous_12)
FN:135,(anonymous_13)
FN:141,(anonymous_14)
FN:154,(anonymous_15)
FNF:12
FNH:0
FNDA:0,(anonymous_4)
FNDA:0,(anonymous_5)
FNDA:0,(anonymous_6)
FNDA:0,(anonymous_7)
FNDA:0,(anonymous_8)
FNDA:0,(anonymous_9)
FNDA:0,(anonymous_10)
FNDA:0,(anonymous_11)
FNDA:0,(anonymous_12)
FNDA:0,(anonymous_13)
FNDA:0,(anonymous_14)
FNDA:0,(anonymous_15)
DA:3,0
DA:4,0
DA:16,0
DA:24,0
DA:26,0
DA:27,0
DA:29,0
DA:30,0
DA:32,0
DA:33,0
DA:34,0
DA:36,0
DA:41,0
DA:46,0
DA:49,0
DA:50,0
DA:51,0
DA:52,0
DA:54,0
DA:55,0
DA:56,0
DA:57,0
DA:59,0
DA:64,0
DA:70,0
DA:73,0
DA:77,0
DA:82,0
DA:83,0
DA:85,0
DA:86,0
DA:90,0
DA:94,0
DA:99,0
DA:100,0
DA:102,0
DA:107,0
DA:111,0
DA:123,0
DA:136,0
DA:139,0
DA:143,0
DA:144,0
DA:146,0
DA:147,0
DA:152,0
DA:155,0
DA:157,0
DA:158,0
DA:160,0
DA:161,0
DA:166,0
DA:171,0
DA:174,0
DA:179,0
DA:184,0
DA:185,0
DA:186,0
DA:198,0
LF:59
LH:0
BRDA:22,0,0,0
BRDA:27,1,0,0
BRDA:27,1,1,0
BRDA:27,2,0,0
BRDA:27,2,1,0
BRDA:54,3,0,0
BRDA:54,3,1,0
BRDA:56,4,0,0
BRDA:56,4,1,0
BRDA:91,5,0,0
BRDA:91,5,1,0
BRDA:126,6,0,0
BRDA:126,6,1,0
BRDA:146,7,0,0
BRDA:146,7,1,0
BRDA:155,8,0,0
BRDA:155,8,1,0
BRDA:160,9,0,0
BRDA:160,9,1,0
BRDA:185,10,0,0
BRDA:185,10,1,0
BRDA:185,11,0,0
BRDA:185,11,1,0
BRF:23
BRH:0
end_of_record
TN:
SF:src/components/github-visualizers/timeline/TimelineEvent.tsx
FN:38,(anonymous_2)
FN:48,(anonymous_3)
FN:55,(anonymous_4)
FN:95,(anonymous_5)
FN:111,(anonymous_6)
FN:121,(anonymous_7)
FN:144,(anonymous_8)
FN:164,(anonymous_9)
FN:184,(anonymous_10)
FN:253,(anonymous_11)
FNF:10
FNH:0
FNDA:0,(anonymous_2)
FNDA:0,(anonymous_3)
FNDA:0,(anonymous_4)
FNDA:0,(anonymous_5)
FNDA:0,(anonymous_6)
FNDA:0,(anonymous_7)
FNDA:0,(anonymous_8)
FNDA:0,(anonymous_9)
FNDA:0,(anonymous_10)
FNDA:0,(anonymous_11)
DA:3,0
DA:4,0
DA:17,0
DA:18,0
DA:28,0
DA:38,0
DA:45,0
DA:46,0
DA:48,0
DA:49,0
DA:50,0
DA:51,0
DA:55,0
DA:56,0
DA:57,0
DA:58,0
DA:61,0
DA:95,0
DA:112,0
DA:121,0
DA:144,0
DA:164,0
DA:184,0
DA:253,0
LF:24
LH:0
BRDA:41,0,0,0
BRDA:43,1,0,0
BRDA:45,2,0,0
BRDA:45,2,1,0
BRDA:50,3,0,0
BRDA:50,3,1,0
BRDA:61,4,0,0
BRDA:61,4,1,0
BRDA:81,5,0,0
BRDA:104,6,0,0
BRDA:107,7,0,0
BRDA:107,7,1,0
BRDA:135,8,0,0
BRDA:144,9,0,0
BRDA:144,9,1,0
BRDA:155,10,0,0
BRDA:164,11,0,0
BRDA:164,11,1,0
BRDA:175,12,0,0
BRDA:184,13,0,0
BRDA:184,13,1,0
BRDA:195,14,0,0
BRF:22
BRH:0
end_of_record
TN:
SF:src/components/github-visualizers/timeline/TimelineFilters.tsx
FN:95,(anonymous_2)
FN:103,(anonymous_3)
FN:131,(anonymous_4)
FN:140,(anonymous_5)
FN:169,(anonymous_6)
FN:173,(anonymous_7)
FN:202,(anonymous_8)
FN:204,(anonymous_9)
FN:216,(anonymous_10)
FNF:9
FNH:0
FNDA:0,(anonymous_2)
FNDA:0,(anonymous_3)
FNDA:0,(anonymous_4)
FNDA:0,(anonymous_5)
FNDA:0,(anonymous_6)
FNDA:0,(anonymous_7)
FNDA:0,(anonymous_8)
FNDA:0,(anonymous_9)
FNDA:0,(anonymous_10)
DA:3,0
DA:4,0
DA:15,0
DA:36,0
DA:95,0
DA:103,0
DA:104,0
DA:105,0
DA:108,0
DA:132,0
DA:133,0
DA:135,0
DA:140,0
DA:169,0
DA:174,0
DA:202,0
DA:204,0
DA:216,0
LF:18
LH:0
BRDA:101,0,0,0
BRDA:108,1,0,0
BRDA:108,1,1,0
BRDA:119,2,0,0
BRDA:142,3,0,0
BRDA:142,3,1,0
BRDA:146,4,0,0
BRDA:146,4,1,0
BRDA:163,5,0,0
BRDA:191,6,0,0
BRDA:200,7,0,0
BRDA:212,8,0,0
BRF:12
BRH:0
end_of_record
TN:
SF:src/components/linkedin-visualizers/LinkedInVisualizersSection.tsx
FN:48,LinkedInVisualizersSection
FN:81,(anonymous_6)
FN:155,(anonymous_7)
FN:211,(anonymous_8)
FN:260,(anonymous_9)
FN:321,(anonymous_10)
FN:324,(anonymous_11)
FNF:7
FNH:0
FNDA:0,LinkedInVisualizersSection
FNDA:0,(anonymous_6)
FNDA:0,(anonymous_7)
FNDA:0,(anonymous_8)
FNDA:0,(anonymous_9)
FNDA:0,(anonymous_10)
FNDA:0,(anonymous_11)
DA:3,0
DA:4,0
DA:5,0
DA:6,0
DA:7,0
DA:8,0
DA:9,0
DA:10,0
DA:11,0
DA:12,0
DA:21,0
DA:48,0
DA:49,0
DA:50,0
DA:52,0
DA:81,0
DA:82,0
DA:84,0
DA:143,0
DA:155,0
DA:173,0
DA:212,0
DA:234,0
DA:261,0
DA:282,0
DA:322,0
DA:324,0
LF:27
LH:0
BRDA:52,0,0,0
BRDA:52,0,1,0
BRDA:82,1,0,0
BRDA:82,1,1,0
BRDA:82,1,2,0
BRDA:82,1,3,0
BRDA:82,1,4,0
BRDA:94,2,0,0
BRDA:128,3,0,0
BRDA:131,4,0,0
BRDA:131,4,1,0
BRDA:133,5,0,0
BRDA:133,5,1,0
BRDA:134,6,0,0
BRDA:134,6,1,0
BRDA:154,7,0,0
BRDA:153,8,0,0
BRDA:153,8,1,0
BRDA:157,9,0,0
BRDA:157,9,1,0
BRDA:158,10,0,0
BRDA:158,10,1,0
BRDA:185,11,0,0
BRDA:196,12,0,0
BRDA:196,12,1,0
BRDA:204,13,0,0
BRDA:204,13,1,0
BRDA:216,14,0,0
BRDA:216,14,1,0
BRDA:218,15,0,0
BRDA:218,15,1,0
BRDA:219,16,0,0
BRDA:219,16,1,0
BRDA:220,17,0,0
BRDA:220,17,1,0
BRDA:221,18,0,0
BRDA:221,18,1,0
BRDA:222,19,0,0
BRDA:222,19,1,0
BRDA:326,20,0,0
BRDA:326,20,1,0
BRDA:347,21,0,0
BRF:42
BRH:0
end_of_record
TN:
SF:src/components/linkedin-visualizers/education/AcademicAchievements.tsx
FN:13,(anonymous_4)
FN:24,(anonymous_5)
FN:43,(anonymous_6)
FN:62,(anonymous_7)
FN:79,(anonymous_8)
FN:100,(anonymous_9)
FN:101,(anonymous_10)
FN:108,(anonymous_11)
FN:112,(anonymous_12)
FN:115,(anonymous_13)
FN:117,(anonymous_14)
FN:118,(anonymous_15)
FN:122,(anonymous_16)
FN:131,(anonymous_17)
FN:133,(anonymous_18)
FN:137,(anonymous_19)
FN:173,(anonymous_20)
FN:176,(anonymous_21)
FN:210,(anonymous_22)
FN:217,(anonymous_23)
FN:224,(anonymous_24)
FN:245,(anonymous_25)
FN:256,(anonymous_26)
FN:332,(anonymous_27)
FN:343,(anonymous_28)
FN:398,(anonymous_29)
FN:436,(anonymous_30)
FN:443,(anonymous_31)
FN:447,(anonymous_32)
FN:449,(anonymous_33)
FN:584,(anonymous_36)
FNF:31
FNH:0
FNDA:0,(anonymous_4)
FNDA:0,(anonymous_5)
FNDA:0,(anonymous_6)
FNDA:0,(anonymous_7)
FNDA:0,(anonymous_8)
FNDA:0,(anonymous_9)
FNDA:0,(anonymous_10)
FNDA:0,(anonymous_11)
FNDA:0,(anonymous_12)
FNDA:0,(anonymous_13)
FNDA:0,(anonymous_14)
FNDA:0,(anonymous_15)
FNDA:0,(anonymous_16)
FNDA:0,(anonymous_17)
FNDA:0,(anonymous_18)
FNDA:0,(anonymous_19)
FNDA:0,(anonymous_20)
FNDA:0,(anonymous_21)
FNDA:0,(anonymous_22)
FNDA:0,(anonymous_23)
FNDA:0,(anonymous_24)
FNDA:0,(anonymous_25)
FNDA:0,(anonymous_26)
FNDA:0,(anonymous_27)
FNDA:0,(anonymous_28)
FNDA:0,(anonymous_29)
FNDA:0,(anonymous_30)
FNDA:0,(anonymous_31)
FNDA:0,(anonymous_32)
FNDA:0,(anonymous_33)
FNDA:0,(anonymous_36)
DA:3,0
DA:4,0
DA:13,0
DA:18,0
DA:19,0
DA:20,0
DA:21,0
DA:24,0
DA:25,0
DA:27,0
DA:29,0
DA:31,0
DA:33,0
DA:35,0
DA:37,0
DA:39,0
DA:43,0
DA:44,0
DA:46,0
DA:48,0
DA:50,0
DA:52,0
DA:54,0
DA:56,0
DA:58,0
DA:62,0
DA:63,0
DA:65,0
DA:67,0
DA:69,0
DA:71,0
DA:73,0
DA:75,0
DA:79,0
DA:80,0
DA:82,0
DA:84,0
DA:86,0
DA:88,0
DA:90,0
DA:92,0
DA:97,0
DA:100,0
DA:101,0
DA:106,0
DA:108,0
DA:110,0
DA:112,0
DA:115,0
DA:116,0
DA:118,0
DA:119,0
DA:120,0
DA:121,0
DA:122,0
DA:130,0
DA:131,0
DA:133,0
DA:137,0
DA:138,0
DA:174,0
DA:176,0
DA:210,0
DA:217,0
DA:224,0
DA:246,0
DA:248,0
DA:256,0
DA:333,0
DA:335,0
DA:343,0
DA:399,0
DA:436,0
DA:443,0
DA:447,0
DA:449,0
DA:585,0
DA:612,0
LF:78
LH:0
BRDA:16,0,0,0
BRDA:25,1,0,0
BRDA:25,1,1,0
BRDA:25,1,2,0
BRDA:25,1,3,0
BRDA:25,1,4,0
BRDA:25,1,5,0
BRDA:25,1,6,0
BRDA:44,2,0,0
BRDA:44,2,1,0
BRDA:44,2,2,0
BRDA:44,2,3,0
BRDA:44,2,4,0
BRDA:44,2,5,0
BRDA:44,2,6,0
BRDA:63,3,0,0
BRDA:63,3,1,0
BRDA:63,3,2,0
BRDA:63,3,3,0
BRDA:63,3,4,0
BRDA:63,3,5,0
BRDA:80,4,0,0
BRDA:80,4,1,0
BRDA:80,4,2,0
BRDA:80,4,3,0
BRDA:80,4,4,0
BRDA:80,4,5,0
BRDA:106,5,0,0
BRDA:106,5,1,0
BRDA:110,6,0,0
BRDA:110,6,1,0
BRDA:119,7,0,0
BRDA:119,7,1,0
BRDA:121,8,0,0
BRDA:121,8,1,0
BRDA:178,9,0,0
BRDA:178,9,1,0
BRDA:188,10,0,0
BRDA:188,10,1,0
BRDA:233,11,0,0
BRDA:253,12,0,0
BRDA:253,12,1,0
BRDA:256,13,0,0
BRDA:256,13,1,0
BRDA:259,14,0,0
BRDA:259,14,1,0
BRDA:272,15,0,0
BRDA:272,15,1,0
BRDA:281,16,0,0
BRDA:281,16,1,0
BRDA:282,17,0,0
BRDA:282,17,1,0
BRDA:283,18,0,0
BRDA:283,18,1,0
BRDA:284,19,0,0
BRDA:284,19,1,0
BRDA:291,20,0,0
BRDA:291,20,1,0
BRDA:292,21,0,0
BRDA:292,21,1,0
BRDA:320,22,0,0
BRDA:340,23,0,0
BRDA:340,23,1,0
BRDA:343,24,0,0
BRDA:343,24,1,0
BRDA:346,25,0,0
BRDA:346,25,1,0
BRDA:364,26,0,0
BRDA:373,27,0,0
BRDA:373,27,1,0
BRDA:374,28,0,0
BRDA:374,28,1,0
BRDA:375,29,0,0
BRDA:375,29,1,0
BRDA:382,30,0,0
BRDA:382,30,1,0
BRDA:386,31,0,0
BRDA:386,31,1,0
BRDA:406,32,0,0
BRDA:430,33,0,0
BRDA:447,34,0,0
BRDA:465,35,0,0
BRDA:465,35,1,0
BRDA:466,36,0,0
BRDA:466,36,1,0
BRDA:467,37,0,0
BRDA:467,37,1,0
BRDA:468,38,0,0
BRDA:468,38,1,0
BRDA:471,39,0,0
BRDA:471,39,1,0
BRDA:472,40,0,0
BRDA:472,40,1,0
BRDA:473,41,0,0
BRDA:473,41,1,0
BRDA:474,42,0,0
BRDA:474,42,1,0
BRDA:478,43,0,0
BRDA:478,43,1,0
BRDA:504,44,0,0
BRDA:504,44,1,0
BRDA:505,45,0,0
BRDA:505,45,1,0
BRDA:529,46,0,0
BRDA:529,46,1,0
BRDA:530,47,0,0
BRDA:530,47,1,0
BRDA:531,48,0,0
BRDA:531,48,1,0
BRDA:563,49,0,0
BRDA:563,49,1,0
BRDA:564,50,0,0
BRDA:564,50,1,0
BRDA:567,51,0,0
BRDA:573,52,0,0
BRDA:595,53,0,0
BRF:116
BRH:0
end_of_record
TN:
SF:src/components/linkedin-visualizers/education/EducationCard.tsx
FN:12,(anonymous_4)
FN:15,(anonymous_5)
FN:22,(anonymous_6)
FN:36,(anonymous_7)
FN:51,(anonymous_8)
FN:136,(anonymous_9)
FN:161,(anonymous_10)
FN:185,(anonymous_11)
FN:220,(anonymous_12)
FN:243,(anonymous_13)
FN:261,(anonymous_14)
FN:276,(anonymous_15)
FN:335,(anonymous_16)
FN:358,(anonymous_17)
FN:382,(anonymous_18)
FNF:15
FNH:0
FNDA:0,(anonymous_4)
FNDA:0,(anonymous_5)
FNDA:0,(anonymous_6)
FNDA:0,(anonymous_7)
FNDA:0,(anonymous_8)
FNDA:0,(anonymous_9)
FNDA:0,(anonymous_10)
FNDA:0,(anonymous_11)
FNDA:0,(anonymous_12)
FNDA:0,(anonymous_13)
FNDA:0,(anonymous_14)
FNDA:0,(anonymous_15)
FNDA:0,(anonymous_16)
FNDA:0,(anonymous_17)
FNDA:0,(anonymous_18)
DA:3,0
DA:4,0
DA:12,0
DA:13,0
DA:15,0
DA:16,0
DA:22,0
DA:23,0
DA:24,0
DA:25,0
DA:26,0
DA:27,0
DA:28,0
DA:30,0
DA:31,0
DA:33,0
DA:36,0
DA:37,0
DA:39,0
DA:41,0
DA:43,0
DA:45,0
DA:47,0
DA:51,0
DA:52,0
DA:54,0
DA:56,0
DA:58,0
DA:60,0
DA:62,0
DA:136,0
DA:162,0
DA:186,0
DA:221,0
DA:244,0
DA:262,0
DA:277,0
DA:336,0
DA:359,0
DA:383,0
DA:450,0
LF:41
LH:0
BRDA:24,0,0,0
BRDA:24,0,1,0
BRDA:30,1,0,0
BRDA:30,1,1,0
BRDA:37,2,0,0
BRDA:37,2,1,0
BRDA:37,2,2,0
BRDA:37,2,3,0
BRDA:37,2,4,0
BRDA:52,3,0,0
BRDA:52,3,1,0
BRDA:52,3,2,0
BRDA:52,3,3,0
BRDA:52,3,4,0
BRDA:81,4,0,0
BRDA:95,5,0,0
BRDA:95,5,1,0
BRDA:96,6,0,0
BRDA:96,6,1,0
BRDA:97,7,0,0
BRDA:97,7,1,0
BRDA:118,8,0,0
BRDA:118,8,1,0
BRDA:122,9,0,0
BRDA:142,10,0,0
BRDA:142,10,1,0
BRDA:152,11,0,0
BRDA:159,12,0,0
BRDA:159,12,1,0
BRDA:169,13,0,0
BRDA:169,13,1,0
BRDA:171,14,0,0
BRDA:171,14,1,0
BRDA:193,15,0,0
BRDA:203,16,0,0
BRDA:213,17,0,0
BRDA:236,18,0,0
BRDA:272,19,0,0
BRDA:272,19,1,0
BRDA:287,20,0,0
BRDA:289,21,0,0
BRDA:299,22,0,0
BRDA:309,23,0,0
BRDA:328,24,0,0
BRDA:351,25,0,0
BRDA:375,26,0,0
BRDA:406,27,0,0
BRDA:418,28,0,0
BRDA:418,28,1,0
BRDA:419,29,0,0
BRDA:419,29,1,0
BRDA:424,30,0,0
BRF:52
BRH:0
end_of_record
TN:
SF:src/components/linkedin-visualizers/education/EducationTimeline.tsx
FN:26,(anonymous_4)
FN:38,(anonymous_5)
FN:49,(anonymous_6)
FN:60,(anonymous_7)
FN:71,(anonymous_8)
FN:74,(anonymous_9)
FN:76,(anonymous_10)
FN:77,(anonymous_11)
FN:81,(anonymous_12)
FN:90,(anonymous_13)
FN:92,(anonymous_14)
FN:95,(anonymous_15)
FN:102,(anonymous_16)
FN:144,(anonymous_17)
FN:169,(anonymous_18)
FN:265,(anonymous_19)
FN:272,(anonymous_20)
FN:294,(anonymous_21)
FN:358,(anonymous_23)
FN:374,(anonymous_24)
FN:396,(anonymous_25)
FN:406,(anonymous_26)
FN:419,(anonymous_27)
FN:471,(anonymous_29)
FNF:24
FNH:0
FNDA:0,(anonymous_4)
FNDA:0,(anonymous_5)
FNDA:0,(anonymous_6)
FNDA:0,(anonymous_7)
FNDA:0,(anonymous_8)
FNDA:0,(anonymous_9)
FNDA:0,(anonymous_10)
FNDA:0,(anonymous_11)
FNDA:0,(anonymous_12)
FNDA:0,(anonymous_13)
FNDA:0,(anonymous_14)
FNDA:0,(anonymous_15)
FNDA:0,(anonymous_16)
FNDA:0,(anonymous_17)
FNDA:0,(anonymous_18)
FNDA:0,(anonymous_19)
FNDA:0,(anonymous_20)
FNDA:0,(anonymous_21)
FNDA:0,(anonymous_23)
FNDA:0,(anonymous_24)
FNDA:0,(anonymous_25)
FNDA:0,(anonymous_26)
FNDA:0,(anonymous_27)
FNDA:0,(anonymous_29)
DA:3,0
DA:4,0
DA:26,0
DA:32,0
DA:33,0
DA:34,0
DA:37,0
DA:38,0
DA:49,0
DA:60,0
DA:71,0
DA:74,0
DA:75,0
DA:77,0
DA:78,0
DA:79,0
DA:80,0
DA:81,0
DA:89,0
DA:90,0
DA:92,0
DA:95,0
DA:96,0
DA:102,0
DA:103,0
DA:104,0
DA:105,0
DA:106,0
DA:107,0
DA:108,0
DA:109,0
DA:110,0
DA:111,0
DA:113,0
DA:145,0
DA:146,0
DA:148,0
DA:169,0
DA:265,0
DA:272,0
DA:294,0
DA:359,0
DA:375,0
DA:397,0
DA:407,0
DA:420,0
DA:472,0
DA:533,0
LF:48
LH:0
BRDA:30,0,0,0
BRDA:65,1,0,0
BRDA:65,1,1,0
BRDA:78,2,0,0
BRDA:78,2,1,0
BRDA:80,3,0,0
BRDA:80,3,1,0
BRDA:103,4,0,0
BRDA:103,4,1,0
BRDA:106,5,0,0
BRDA:106,5,1,0
BRDA:111,6,0,0
BRDA:111,6,1,0
BRDA:152,7,0,0
BRDA:152,7,1,0
BRDA:153,8,0,0
BRDA:153,8,1,0
BRDA:156,9,0,0
BRDA:156,9,1,0
BRDA:161,10,0,0
BRDA:161,10,1,0
BRDA:167,11,0,0
BRDA:167,11,1,0
BRDA:169,12,0,0
BRDA:169,12,1,0
BRDA:188,13,0,0
BRDA:204,14,0,0
BRDA:204,14,1,0
BRDA:206,15,0,0
BRDA:206,15,1,0
BRDA:223,16,0,0
BRDA:235,17,0,0
BRDA:235,17,1,0
BRDA:245,18,0,0
BRDA:245,18,1,0
BRDA:259,19,0,0
BRDA:310,20,0,0
BRDA:313,21,0,0
BRDA:316,22,0,0
BRDA:341,23,0,0
BRDA:354,24,0,0
BRDA:354,24,1,0
BRDA:382,25,0,0
BRDA:392,26,0,0
BRDA:415,27,0,0
BRDA:415,27,1,0
BRDA:452,28,0,0
BRDA:458,29,0,0
BRDA:483,30,0,0
BRDA:521,31,0,0
BRDA:521,31,1,0
BRDA:522,32,0,0
BRDA:522,32,1,0
BRF:53
BRH:0
end_of_record
TN:
SF:src/components/linkedin-visualizers/education/educationData.ts
FNF:0
FNH:0
DA:3,0
DA:153,0
DA:236,0
DA:299,0
DA:305,0
LF:5
LH:0
BRF:0
BRH:0
end_of_record
TN:
SF:src/components/linkedin-visualizers/experience/ExperienceCard.tsx
FN:10,(anonymous_4)
FN:13,(anonymous_5)
FN:20,(anonymous_6)
FN:91,(anonymous_7)
FN:112,(anonymous_8)
FN:147,(anonymous_9)
FN:187,(anonymous_10)
FNF:7
FNH:0
FNDA:0,(anonymous_4)
FNDA:0,(anonymous_5)
FNDA:0,(anonymous_6)
FNDA:0,(anonymous_7)
FNDA:0,(anonymous_8)
FNDA:0,(anonymous_9)
FNDA:0,(anonymous_10)
DA:1,0
DA:2,0
DA:10,0
DA:11,0
DA:13,0
DA:14,0
DA:20,0
DA:21,0
DA:22,0
DA:23,0
DA:24,0
DA:25,0
DA:26,0
DA:28,0
DA:29,0
DA:31,0
DA:91,0
DA:113,0
DA:148,0
DA:188,0
DA:213,0
LF:21
LH:0
BRDA:22,0,0,0
BRDA:22,0,1,0
BRDA:28,1,0,0
BRDA:28,1,1,0
BRDA:49,2,0,0
BRDA:73,3,0,0
BRDA:73,3,1,0
BRDA:77,4,0,0
BRDA:97,5,0,0
BRDA:97,5,1,0
BRDA:120,6,0,0
BRDA:130,7,0,0
BRDA:140,8,0,0
BRDA:165,9,0,0
BRDA:171,10,0,0
BRDA:180,11,0,0
BRF:16
BRH:0
end_of_record
TN:
SF:src/components/linkedin-visualizers/experience/ExperienceCards.tsx
FN:25,(anonymous_5)
FN:36,(anonymous_6)
FN:37,(anonymous_7)
FN:38,(anonymous_8)
FN:39,(anonymous_9)
FN:45,(anonymous_10)
FN:49,(anonymous_11)
FN:53,(anonymous_12)
FN:54,(anonymous_13)
FN:61,(anonymous_14)
FN:68,(anonymous_15)
FN:72,(anonymous_16)
FN:73,(anonymous_17)
FN:78,(anonymous_18)
FN:87,(anonymous_19)
FN:88,(anonymous_20)
FN:91,(anonymous_21)
FN:95,(anonymous_22)
FN:96,(anonymous_23)
FN:124,(anonymous_24)
FN:137,(anonymous_25)
FN:152,(anonymous_26)
FN:183,(anonymous_27)
FN:183,(anonymous_28)
FN:195,(anonymous_29)
FN:195,(anonymous_30)
FN:199,(anonymous_31)
FN:216,(anonymous_32)
FN:216,(anonymous_33)
FN:228,(anonymous_34)
FN:228,(anonymous_35)
FN:235,(anonymous_36)
FN:245,(anonymous_37)
FN:248,(anonymous_38)
FN:258,(anonymous_39)
FN:258,(anonymous_40)
FN:307,(anonymous_41)
FN:328,(anonymous_42)
FN:340,(anonymous_43)
FN:342,(anonymous_44)
FN:343,(anonymous_45)
FNF:41
FNH:0
FNDA:0,(anonymous_5)
FNDA:0,(anonymous_6)
FNDA:0,(anonymous_7)
FNDA:0,(anonymous_8)
FNDA:0,(anonymous_9)
FNDA:0,(anonymous_10)
FNDA:0,(anonymous_11)
FNDA:0,(anonymous_12)
FNDA:0,(anonymous_13)
FNDA:0,(anonymous_14)
FNDA:0,(anonymous_15)
FNDA:0,(anonymous_16)
FNDA:0,(anonymous_17)
FNDA:0,(anonymous_18)
FNDA:0,(anonymous_19)
FNDA:0,(anonymous_20)
FNDA:0,(anonymous_21)
FNDA:0,(anonymous_22)
FNDA:0,(anonymous_23)
FNDA:0,(anonymous_24)
FNDA:0,(anonymous_25)
FNDA:0,(anonymous_26)
FNDA:0,(anonymous_27)
FNDA:0,(anonymous_28)
FNDA:0,(anonymous_29)
FNDA:0,(anonymous_30)
FNDA:0,(anonymous_31)
FNDA:0,(anonymous_32)
FNDA:0,(anonymous_33)
FNDA:0,(anonymous_34)
FNDA:0,(anonymous_35)
FNDA:0,(anonymous_36)
FNDA:0,(anonymous_37)
FNDA:0,(anonymous_38)
FNDA:0,(anonymous_39)
FNDA:0,(anonymous_40)
FNDA:0,(anonymous_41)
FNDA:0,(anonymous_42)
FNDA:0,(anonymous_43)
FNDA:0,(anonymous_44)
FNDA:0,(anonymous_45)
DA:1,0
DA:3,0
DA:4,0
DA:5,0
DA:25,0
DA:30,0
DA:31,0
DA:32,0
DA:33,0
DA:36,0
DA:37,0
DA:38,0
DA:39,0
DA:41,0
DA:45,0
DA:46,0
DA:48,0
DA:49,0
DA:52,0
DA:53,0
DA:54,0
DA:55,0
DA:60,0
DA:61,0
DA:62,0
DA:66,0
DA:67,0
DA:68,0
DA:69,0
DA:72,0
DA:73,0
DA:78,0
DA:80,0
DA:81,0
DA:84,0
DA:87,0
DA:88,0
DA:91,0
DA:92,0
DA:95,0
DA:96,0
DA:97,0
DA:98,0
DA:99,0
DA:100,0
DA:103,0
DA:104,0
DA:105,0
DA:124,0
DA:137,0
DA:152,0
DA:183,0
DA:195,0
DA:200,0
DA:216,0
DA:228,0
DA:236,0
DA:245,0
DA:249,0
DA:250,0
DA:251,0
DA:258,0
DA:308,0
DA:328,0
DA:340,0
DA:343,0
DA:344,0
DA:347,0
DA:364,0
LF:69
LH:0
BRDA:26,0,0,0
BRDA:27,1,0,0
BRDA:48,2,0,0
BRDA:48,2,1,0
BRDA:52,3,0,0
BRDA:52,3,1,0
BRDA:60,4,0,0
BRDA:60,4,1,0
BRDA:60,5,0,0
BRDA:60,5,1,0
BRDA:66,6,0,0
BRDA:66,6,1,0
BRDA:69,7,0,0
BRDA:69,7,1,0
BRDA:69,7,2,0
BRDA:69,7,3,0
BRDA:69,7,4,0
BRDA:80,8,0,0
BRDA:80,8,1,0
BRDA:88,9,0,0
BRDA:88,9,1,0
BRDA:98,10,0,0
BRDA:98,10,1,0
BRDA:105,11,0,0
BRDA:105,11,1,0
BRDA:126,12,0,0
BRDA:126,12,1,0
BRDA:139,13,0,0
BRDA:139,13,1,0
BRDA:154,14,0,0
BRDA:154,14,1,0
BRDA:171,15,0,0
BRDA:182,16,0,0
BRDA:182,16,1,0
BRDA:194,17,0,0
BRDA:194,17,1,0
BRDA:195,18,0,0
BRDA:195,18,1,0
BRDA:215,19,0,0
BRDA:215,19,1,0
BRDA:216,20,0,0
BRDA:216,20,1,0
BRDA:227,21,0,0
BRDA:227,21,1,0
BRDA:230,22,0,0
BRDA:230,22,1,0
BRDA:245,23,0,0
BRDA:249,24,0,0
BRDA:249,24,1,0
BRDA:250,25,0,0
BRDA:250,25,1,0
BRDA:280,26,0,0
BRDA:284,27,0,0
BRDA:284,27,1,0
BRDA:291,28,0,0
BRDA:302,29,0,0
BRDA:302,29,1,0
BRDA:311,30,0,0
BRDA:311,30,1,0
BRDA:312,31,0,0
BRDA:312,31,1,0
BRDA:312,32,0,0
BRDA:312,32,1,0
BRDA:315,33,0,0
BRDA:318,34,0,0
BRDA:324,35,0,0
BRDA:324,35,1,0
BRDA:351,36,0,0
BRDA:351,36,1,0
BRF:69
BRH:0
end_of_record
TN:
SF:src/components/linkedin-visualizers/experience/ExperienceDemo.tsx
FN:4,(anonymous_2)
FNF:1
FNH:0
FNDA:0,(anonymous_2)
DA:1,0
DA:2,0
DA:4,0
DA:24,0
LF:4
LH:0
BRF:0
BRH:0
end_of_record
TN:
SF:src/components/linkedin-visualizers/experience/LinkedInExperienceCard.tsx
FN:21,(anonymous_4)
FN:29,(anonymous_5)
FN:34,(anonymous_6)
FN:46,(anonymous_7)
FN:47,(anonymous_8)
FN:136,(anonymous_9)
FN:165,(anonymous_10)
FN:184,(anonymous_11)
FN:189,(anonymous_12)
FN:221,(anonymous_13)
FNF:10
FNH:0
FNDA:0,(anonymous_4)
FNDA:0,(anonymous_5)
FNDA:0,(anonymous_6)
FNDA:0,(anonymous_7)
FNDA:0,(anonymous_8)
FNDA:0,(anonymous_9)
FNDA:0,(anonymous_10)
FNDA:0,(anonymous_11)
FNDA:0,(anonymous_12)
FNDA:0,(anonymous_13)
DA:1,0
DA:3,0
DA:21,0
DA:26,0
DA:27,0
DA:29,0
DA:30,0
DA:31,0
DA:34,0
DA:35,0
DA:36,0
DA:37,0
DA:46,0
DA:47,0
DA:137,0
DA:166,0
DA:185,0
DA:190,0
DA:222,0
DA:242,0
LF:20
LH:0
BRDA:23,0,0,0
BRDA:36,1,0,0
BRDA:36,1,1,0
BRDA:44,2,0,0
BRDA:44,2,1,0
BRDA:55,3,0,0
BRDA:55,3,1,0
BRDA:56,4,0,0
BRDA:56,4,1,0
BRDA:59,5,0,0
BRDA:71,6,0,0
BRDA:71,6,1,0
BRDA:95,7,0,0
BRDA:95,7,1,0
BRDA:120,8,0,0
BRDA:120,8,1,0
BRDA:136,9,0,0
BRDA:136,9,1,0
BRDA:144,10,0,0
BRDA:144,10,1,0
BRDA:154,11,0,0
BRDA:154,11,1,0
BRDA:175,12,0,0
BRDA:175,12,1,0
BRDA:198,13,0,0
BRDA:235,14,0,0
BRDA:235,14,1,0
BRF:27
BRH:0
end_of_record
TN:
SF:src/components/linkedin-visualizers/experience/SkillsProgression.tsx
FN:22,(anonymous_4)
FN:28,(anonymous_5)
FN:33,(anonymous_6)
FN:34,(anonymous_7)
FN:56,(anonymous_8)
FN:59,(anonymous_9)
FN:64,(anonymous_10)
FN:75,(anonymous_11)
FN:86,(anonymous_12)
FN:87,(anonymous_13)
FN:105,(anonymous_14)
FN:106,(anonymous_15)
FN:123,(anonymous_16)
FN:181,(anonymous_17)
FN:182,(anonymous_18)
FN:216,(anonymous_19)
FN:234,(anonymous_20)
FNF:17
FNH:0
FNDA:0,(anonymous_4)
FNDA:0,(anonymous_5)
FNDA:0,(anonymous_6)
FNDA:0,(anonymous_7)
FNDA:0,(anonymous_8)
FNDA:0,(anonymous_9)
FNDA:0,(anonymous_10)
FNDA:0,(anonymous_11)
FNDA:0,(anonymous_12)
FNDA:0,(anonymous_13)
FNDA:0,(anonymous_14)
FNDA:0,(anonymous_15)
FNDA:0,(anonymous_16)
FNDA:0,(anonymous_17)
FNDA:0,(anonymous_18)
FNDA:0,(anonymous_19)
FNDA:0,(anonymous_20)
DA:1,0
DA:4,0
DA:22,0
DA:28,0
DA:29,0
DA:31,0
DA:33,0
DA:34,0
DA:35,0
DA:36,0
DA:45,0
DA:46,0
DA:47,0
DA:52,0
DA:56,0
DA:57,0
DA:59,0
DA:60,0
DA:64,0
DA:65,0
DA:66,0
DA:67,0
DA:68,0
DA:69,0
DA:70,0
DA:71,0
DA:75,0
DA:76,0
DA:77,0
DA:78,0
DA:79,0
DA:80,0
DA:81,0
DA:82,0
DA:86,0
DA:87,0
DA:88,0
DA:106,0
DA:108,0
DA:110,0
DA:124,0
DA:182,0
DA:183,0
DA:217,0
DA:235,0
DA:258,0
LF:46
LH:0
BRDA:24,0,0,0
BRDA:29,1,0,0
BRDA:29,1,1,0
BRDA:35,2,0,0
BRDA:35,2,1,0
BRDA:57,3,0,0
BRDA:57,3,1,0
BRDA:65,4,0,0
BRDA:65,4,1,0
BRDA:65,4,2,0
BRDA:65,4,3,0
BRDA:65,4,4,0
BRDA:65,4,5,0
BRDA:76,5,0,0
BRDA:76,5,1,0
BRDA:76,5,2,0
BRDA:76,5,3,0
BRDA:76,5,4,0
BRDA:76,5,5,0
BRDA:88,6,0,0
BRDA:88,6,1,0
BRDA:96,7,0,0
BRDA:96,7,1,0
BRDA:108,8,0,0
BRDA:108,8,1,0
BRDA:118,9,0,0
BRDA:118,9,1,0
BRDA:133,10,0,0
BRDA:133,10,1,0
BRDA:134,11,0,0
BRDA:134,11,1,0
BRDA:135,12,0,0
BRDA:135,12,1,0
BRDA:163,13,0,0
BRDA:163,13,1,0
BRDA:171,14,0,0
BRDA:171,14,1,0
BRDA:183,15,0,0
BRDA:183,15,1,0
BRDA:189,16,0,0
BRDA:206,17,0,0
BRDA:220,18,0,0
BRDA:242,19,0,0
BRF:43
BRH:0
end_of_record
TN:
SF:src/components/linkedin-visualizers/experience/experienceData.ts
FNF:0
FNH:0
DA:3,0
LF:1
LH:0
BRF:0
BRH:0
end_of_record
TN:
SF:src/components/linkedin-visualizers/experience/index.tsx
FNF:0
FNH:0
DA:1,0
DA:2,0
DA:3,0
DA:4,0
LF:4
LH:0
BRF:0
BRH:0
end_of_record
TN:
SF:src/components/linkedin-visualizers/skills/EndorsementsVisualization.tsx
FN:41,EndorsementsVisualization
FN:51,(anonymous_5)
FN:53,(anonymous_6)
FN:62,(anonymous_7)
FN:63,(anonymous_8)
FN:64,(anonymous_9)
FN:76,(anonymous_10)
FN:79,(anonymous_11)
FN:85,(anonymous_12)
FN:90,(anonymous_13)
FN:92,(anonymous_14)
FN:101,(anonymous_15)
FN:102,(anonymous_16)
FN:110,(anonymous_17)
FN:135,(anonymous_18)
FN:139,(anonymous_19)
FN:161,(anonymous_20)
FN:177,(anonymous_21)
FN:184,(anonymous_22)
FN:185,(anonymous_23)
FN:190,(anonymous_24)
FN:196,(anonymous_25)
FN:208,(anonymous_26)
FN:225,(anonymous_27)
FN:248,(anonymous_28)
FN:267,(anonymous_29)
FN:273,(anonymous_30)
FN:292,(anonymous_31)
FN:299,(anonymous_32)
FN:305,(anonymous_33)
FN:307,(anonymous_34)
FN:327,(anonymous_35)
FN:338,(anonymous_36)
FN:349,(anonymous_37)
FN:350,(anonymous_38)
FN:354,(anonymous_39)
FN:359,(anonymous_40)
FN:363,(anonymous_41)
FN:376,(anonymous_42)
FN:377,(anonymous_43)
FN:381,(anonymous_44)
FN:384,(anonymous_45)
FN:386,(anonymous_46)
FN:387,(anonymous_47)
FN:388,(anonymous_48)
FN:389,(anonymous_49)
FN:392,(anonymous_50)
FN:393,(anonymous_51)
FN:396,(anonymous_52)
FN:397,(anonymous_53)
FN:402,(anonymous_54)
FN:429,(anonymous_55)
FN:432,(anonymous_56)
FN:454,(anonymous_57)
FN:462,(anonymous_58)
FN:476,(anonymous_59)
FN:512,(anonymous_60)
FN:526,(anonymous_61)
FN:567,(anonymous_62)
FN:568,(anonymous_63)
FN:576,(anonymous_64)
FN:599,(anonymous_65)
FN:601,(anonymous_66)
FNF:63
FNH:0
FNDA:0,EndorsementsVisualization
FNDA:0,(anonymous_5)
FNDA:0,(anonymous_6)
FNDA:0,(anonymous_7)
FNDA:0,(anonymous_8)
FNDA:0,(anonymous_9)
FNDA:0,(anonymous_10)
FNDA:0,(anonymous_11)
FNDA:0,(anonymous_12)
FNDA:0,(anonymous_13)
FNDA:0,(anonymous_14)
FNDA:0,(anonymous_15)
FNDA:0,(anonymous_16)
FNDA:0,(anonymous_17)
FNDA:0,(anonymous_18)
FNDA:0,(anonymous_19)
FNDA:0,(anonymous_20)
FNDA:0,(anonymous_21)
FNDA:0,(anonymous_22)
FNDA:0,(anonymous_23)
FNDA:0,(anonymous_24)
FNDA:0,(anonymous_25)
FNDA:0,(anonymous_26)
FNDA:0,(anonymous_27)
FNDA:0,(anonymous_28)
FNDA:0,(anonymous_29)
FNDA:0,(anonymous_30)
FNDA:0,(anonymous_31)
FNDA:0,(anonymous_32)
FNDA:0,(anonymous_33)
FNDA:0,(anonymous_34)
FNDA:0,(anonymous_35)
FNDA:0,(anonymous_36)
FNDA:0,(anonymous_37)
FNDA:0,(anonymous_38)
FNDA:0,(anonymous_39)
FNDA:0,(anonymous_40)
FNDA:0,(anonymous_41)
FNDA:0,(anonymous_42)
FNDA:0,(anonymous_43)
FNDA:0,(anonymous_44)
FNDA:0,(anonymous_45)
FNDA:0,(anonymous_46)
FNDA:0,(anonymous_47)
FNDA:0,(anonymous_48)
FNDA:0,(anonymous_49)
FNDA:0,(anonymous_50)
FNDA:0,(anonymous_51)
FNDA:0,(anonymous_52)
FNDA:0,(anonymous_53)
FNDA:0,(anonymous_54)
FNDA:0,(anonymous_55)
FNDA:0,(anonymous_56)
FNDA:0,(anonymous_57)
FNDA:0,(anonymous_58)
FNDA:0,(anonymous_59)
FNDA:0,(anonymous_60)
FNDA:0,(anonymous_61)
FNDA:0,(anonymous_62)
FNDA:0,(anonymous_63)
FNDA:0,(anonymous_64)
FNDA:0,(anonymous_65)
FNDA:0,(anonymous_66)
DA:3,0
DA:4,0
DA:5,0
DA:17,0
DA:18,0
DA:27,0
DA:34,0
DA:41,0
DA:42,0
DA:43,0
DA:44,0
DA:45,0
DA:46,0
DA:47,0
DA:48,0
DA:51,0
DA:53,0
DA:54,0
DA:55,0
DA:57,0
DA:58,0
DA:62,0
DA:63,0
DA:64,0
DA:65,0
DA:66,0
DA:69,0
DA:76,0
DA:79,0
DA:81,0
DA:85,0
DA:86,0
DA:89,0
DA:90,0
DA:91,0
DA:93,0
DA:100,0
DA:101,0
DA:102,0
DA:106,0
DA:110,0
DA:111,0
DA:113,0
DA:114,0
DA:117,0
DA:120,0
DA:121,0
DA:122,0
DA:123,0
DA:125,0
DA:129,0
DA:134,0
DA:135,0
DA:138,0
DA:139,0
DA:144,0
DA:161,0
DA:162,0
DA:171,0
DA:177,0
DA:184,0
DA:186,0
DA:190,0
DA:191,0
DA:192,0
DA:193,0
DA:196,0
DA:197,0
DA:199,0
DA:209,0
DA:226,0
DA:229,0
DA:233,0
DA:244,0
DA:248,0
DA:249,0
DA:252,0
DA:257,0
DA:267,0
DA:268,0
DA:273,0
DA:274,0
DA:276,0
DA:277,0
DA:279,0
DA:280,0
DA:282,0
DA:287,0
DA:288,0
DA:291,0
DA:292,0
DA:293,0
DA:294,0
DA:295,0
DA:299,0
DA:305,0
DA:306,0
DA:307,0
DA:308,0
DA:318,0
DA:326,0
DA:327,0
DA:332,0
DA:338,0
DA:343,0
DA:349,0
DA:350,0
DA:355,0
DA:356,0
DA:357,0
DA:360,0
DA:361,0
DA:364,0
DA:365,0
DA:366,0
DA:370,0
DA:376,0
DA:377,0
DA:381,0
DA:384,0
DA:385,0
DA:386,0
DA:387,0
DA:388,0
DA:389,0
DA:391,0
DA:392,0
DA:393,0
DA:395,0
DA:396,0
DA:397,0
DA:402,0
DA:403,0
DA:404,0
DA:430,0
DA:432,0
DA:454,0
DA:462,0
DA:477,0
DA:478,0
DA:513,0
DA:527,0
DA:568,0
DA:569,0
DA:577,0
DA:578,0
DA:599,0
DA:602,0
LF:148
LH:0
BRDA:54,0,0,0
BRDA:54,0,1,0
BRDA:65,1,0,0
BRDA:65,1,1,0
BRDA:89,2,0,0
BRDA:89,2,1,0
BRDA:91,3,0,0
BRDA:91,3,1,0
BRDA:93,4,0,0
BRDA:93,4,1,0
BRDA:100,5,0,0
BRDA:100,5,1,0
BRDA:111,6,0,0
BRDA:111,6,1,0
BRDA:111,7,0,0
BRDA:111,7,1,0
BRDA:111,7,2,0
BRDA:111,7,3,0
BRDA:135,8,0,0
BRDA:135,8,1,0
BRDA:177,9,0,0
BRDA:177,9,1,0
BRDA:184,10,0,0
BRDA:184,10,1,0
BRDA:186,11,0,0
BRDA:186,11,1,0
BRDA:191,12,0,0
BRDA:191,12,1,0
BRDA:274,13,0,0
BRDA:274,13,1,0
BRDA:274,14,0,0
BRDA:274,14,1,0
BRDA:274,14,2,0
BRDA:293,15,0,0
BRDA:293,15,1,0
BRDA:307,16,0,0
BRDA:307,16,1,0
BRDA:349,17,0,0
BRDA:349,17,1,0
BRDA:350,18,0,0
BRDA:350,18,1,0
BRDA:350,19,0,0
BRDA:350,19,1,0
BRDA:355,20,0,0
BRDA:355,20,1,0
BRDA:364,21,0,0
BRDA:364,21,1,0
BRDA:376,22,0,0
BRDA:376,22,1,0
BRDA:377,23,0,0
BRDA:377,23,1,0
BRDA:381,24,0,0
BRDA:381,24,1,0
BRDA:397,25,0,0
BRDA:397,25,1,0
BRDA:403,26,0,0
BRDA:403,26,1,0
BRDA:434,27,0,0
BRDA:434,27,1,0
BRDA:498,28,0,0
BRDA:504,29,0,0
BRDA:510,30,0,0
BRDA:539,31,0,0
BRDA:553,32,0,0
BRDA:569,33,0,0
BRDA:569,33,1,0
BRF:66
BRH:0
end_of_record
TN:
SF:src/components/linkedin-visualizers/skills/ProfessionalTimeline.tsx
FN:39,ProfessionalTimeline
FN:47,(anonymous_5)
FN:49,(anonymous_6)
FN:52,(anonymous_7)
FN:57,(anonymous_8)
FN:57,(anonymous_9)
FN:62,(anonymous_10)
FN:64,(anonymous_11)
FN:69,(anonymous_12)
FN:71,(anonymous_13)
FN:101,(anonymous_14)
FN:124,(anonymous_15)
FN:142,(anonymous_16)
FN:149,(anonymous_17)
FN:150,(anonymous_18)
FN:155,(anonymous_19)
FN:177,(anonymous_20)
FN:178,(anonymous_21)
FN:186,(anonymous_22)
FN:191,(anonymous_23)
FN:198,(anonymous_24)
FN:202,(anonymous_25)
FN:236,(anonymous_26)
FN:241,(anonymous_27)
FN:259,(anonymous_28)
FN:280,(anonymous_29)
FN:282,(anonymous_30)
FN:294,(anonymous_31)
FN:300,(anonymous_32)
FN:303,(anonymous_33)
FN:311,(anonymous_34)
FN:312,(anonymous_35)
FN:330,(anonymous_36)
FN:330,(anonymous_37)
FN:346,(anonymous_38)
FN:346,(anonymous_39)
FN:361,(anonymous_40)
FN:374,(anonymous_41)
FN:385,(anonymous_42)
FN:440,(anonymous_43)
FN:441,(anonymous_44)
FN:446,(anonymous_45)
FNF:42
FNH:0
FNDA:0,ProfessionalTimeline
FNDA:0,(anonymous_5)
FNDA:0,(anonymous_6)
FNDA:0,(anonymous_7)
FNDA:0,(anonymous_8)
FNDA:0,(anonymous_9)
FNDA:0,(anonymous_10)
FNDA:0,(anonymous_11)
FNDA:0,(anonymous_12)
FNDA:0,(anonymous_13)
FNDA:0,(anonymous_14)
FNDA:0,(anonymous_15)
FNDA:0,(anonymous_16)
FNDA:0,(anonymous_17)
FNDA:0,(anonymous_18)
FNDA:0,(anonymous_19)
FNDA:0,(anonymous_20)
FNDA:0,(anonymous_21)
FNDA:0,(anonymous_22)
FNDA:0,(anonymous_23)
FNDA:0,(anonymous_24)
FNDA:0,(anonymous_25)
FNDA:0,(anonymous_26)
FNDA:0,(anonymous_27)
FNDA:0,(anonymous_28)
FNDA:0,(anonymous_29)
FNDA:0,(anonymous_30)
FNDA:0,(anonymous_31)
FNDA:0,(anonymous_32)
FNDA:0,(anonymous_33)
FNDA:0,(anonymous_34)
FNDA:0,(anonymous_35)
FNDA:0,(anonymous_36)
FNDA:0,(anonymous_37)
FNDA:0,(anonymous_38)
FNDA:0,(anonymous_39)
FNDA:0,(anonymous_40)
FNDA:0,(anonymous_41)
FNDA:0,(anonymous_42)
FNDA:0,(anonymous_43)
FNDA:0,(anonymous_44)
FNDA:0,(anonymous_45)
DA:3,0
DA:4,0
DA:5,0
DA:16,0
DA:17,0
DA:25,0
DA:32,0
DA:39,0
DA:40,0
DA:41,0
DA:42,0
DA:43,0
DA:44,0
DA:47,0
DA:49,0
DA:52,0
DA:56,0
DA:57,0
DA:61,0
DA:62,0
DA:65,0
DA:66,0
DA:67,0
DA:69,0
DA:71,0
DA:72,0
DA:74,0
DA:75,0
DA:78,0
DA:81,0
DA:82,0
DA:83,0
DA:84,0
DA:86,0
DA:91,0
DA:96,0
DA:100,0
DA:101,0
DA:106,0
DA:123,0
DA:124,0
DA:127,0
DA:136,0
DA:142,0
DA:149,0
DA:151,0
DA:155,0
DA:156,0
DA:157,0
DA:159,0
DA:161,0
DA:162,0
DA:164,0
DA:176,0
DA:178,0
DA:187,0
DA:188,0
DA:189,0
DA:191,0
DA:195,0
DA:198,0
DA:203,0
DA:208,0
DA:237,0
DA:242,0
DA:247,0
DA:251,0
DA:260,0
DA:261,0
DA:262,0
DA:263,0
DA:264,0
DA:265,0
DA:270,0
DA:275,0
DA:280,0
DA:282,0
DA:289,0
DA:294,0
DA:300,0
DA:303,0
DA:304,0
DA:308,0
DA:309,0
DA:311,0
DA:312,0
DA:313,0
DA:315,0
DA:330,0
DA:346,0
DA:361,0
DA:374,0
DA:386,0
DA:387,0
DA:388,0
DA:441,0
DA:442,0
DA:447,0
LF:98
LH:0
BRDA:66,0,0,0
BRDA:66,0,1,0
BRDA:67,1,0,0
BRDA:67,1,1,0
BRDA:67,1,2,0
BRDA:72,2,0,0
BRDA:72,2,1,0
BRDA:72,3,0,0
BRDA:72,3,1,0
BRDA:72,3,2,0
BRDA:142,4,0,0
BRDA:142,4,1,0
BRDA:151,5,0,0
BRDA:151,5,1,0
BRDA:156,6,0,0
BRDA:156,6,1,0
BRDA:159,7,0,0
BRDA:159,7,1,0
BRDA:172,8,0,0
BRDA:172,8,1,0
BRDA:172,9,0,0
BRDA:172,9,1,0
BRDA:188,10,0,0
BRDA:188,10,1,0
BRDA:191,11,0,0
BRDA:191,11,1,0
BRDA:191,12,0,0
BRDA:191,12,1,0
BRDA:227,13,0,0
BRDA:227,13,1,0
BRDA:260,14,0,0
BRDA:260,14,1,0
BRDA:260,14,2,0
BRDA:260,14,3,0
BRDA:260,14,4,0
BRDA:308,15,0,0
BRDA:308,15,1,0
BRDA:309,16,0,0
BRDA:309,16,1,0
BRDA:313,17,0,0
BRDA:313,17,1,0
BRDA:372,18,0,0
BRDA:387,19,0,0
BRDA:387,19,1,0
BRDA:410,20,0,0
BRDA:426,21,0,0
BRDA:442,22,0,0
BRDA:442,22,1,0
BRDA:466,23,0,0
BRF:49
BRH:0
end_of_record
TN:
SF:src/components/linkedin-visualizers/skills/SkillsDemoSection.tsx
FN:10,SkillsDemoSection
FN:43,(anonymous_2)
FNF:2
FNH:0
FNDA:0,SkillsDemoSection
FNDA:0,(anonymous_2)
DA:3,0
DA:4,0
DA:10,0
DA:44,0
LF:4
LH:0
BRDA:10,0,0,0
BRF:1
BRH:0
end_of_record
TN:
SF:src/components/linkedin-visualizers/skills/SkillsMatrix.tsx
FN:12,SkillsMatrix
FN:19,(anonymous_2)
FN:20,(anonymous_3)
FN:25,(anonymous_4)
FN:30,(anonymous_5)
FN:38,(anonymous_6)
FN:43,(anonymous_7)
FN:47,(anonymous_8)
FN:65,(anonymous_9)
FN:70,(anonymous_10)
FN:80,(anonymous_11)
FN:110,(anonymous_12)
FN:115,(anonymous_13)
FN:135,(anonymous_14)
FN:138,(anonymous_15)
FN:151,(anonymous_16)
FN:179,(anonymous_17)
FN:272,(anonymous_18)
FN:294,(anonymous_19)
FNF:19
FNH:0
FNDA:0,SkillsMatrix
FNDA:0,(anonymous_2)
FNDA:0,(anonymous_3)
FNDA:0,(anonymous_4)
FNDA:0,(anonymous_5)
FNDA:0,(anonymous_6)
FNDA:0,(anonymous_7)
FNDA:0,(anonymous_8)
FNDA:0,(anonymous_9)
FNDA:0,(anonymous_10)
FNDA:0,(anonymous_11)
FNDA:0,(anonymous_12)
FNDA:0,(anonymous_13)
FNDA:0,(anonymous_14)
FNDA:0,(anonymous_15)
FNDA:0,(anonymous_16)
FNDA:0,(anonymous_17)
FNDA:0,(anonymous_18)
FNDA:0,(anonymous_19)
DA:3,0
DA:4,0
DA:5,0
DA:6,0
DA:12,0
DA:13,0
DA:14,0
DA:15,0
DA:16,0
DA:19,0
DA:20,0
DA:21,0
DA:25,0
DA:26,0
DA:29,0
DA:30,0
DA:31,0
DA:37,0
DA:38,0
DA:42,0
DA:43,0
DA:47,0
DA:48,0
DA:50,0
DA:52,0
DA:54,0
DA:56,0
DA:58,0
DA:62,0
DA:65,0
DA:66,0
DA:67,0
DA:70,0
DA:71,0
DA:72,0
DA:73,0
DA:74,0
DA:75,0
DA:76,0
DA:80,0
DA:81,0
DA:82,0
DA:83,0
DA:84,0
DA:86,0
DA:87,0
DA:88,0
DA:89,0
DA:90,0
DA:110,0
DA:115,0
DA:135,0
DA:139,0
DA:151,0
DA:180,0
DA:273,0
DA:295,0
LF:57
LH:0
BRDA:29,0,0,0
BRDA:29,0,1,0
BRDA:31,1,0,0
BRDA:31,1,1,0
BRDA:37,2,0,0
BRDA:37,2,1,0
BRDA:42,3,0,0
BRDA:42,3,1,0
BRDA:48,4,0,0
BRDA:48,4,1,0
BRDA:48,4,2,0
BRDA:48,4,3,0
BRDA:48,4,4,0
BRDA:50,5,0,0
BRDA:50,5,1,0
BRDA:67,6,0,0
BRDA:67,6,1,0
BRDA:71,7,0,0
BRDA:71,7,1,0
BRDA:71,7,2,0
BRDA:71,7,3,0
BRDA:71,7,4,0
BRDA:86,8,0,0
BRDA:86,8,1,0
BRDA:87,9,0,0
BRDA:87,9,1,0
BRDA:88,10,0,0
BRDA:88,10,1,0
BRDA:89,11,0,0
BRDA:89,11,1,0
BRDA:117,12,0,0
BRDA:117,12,1,0
BRDA:168,13,0,0
BRDA:198,14,0,0
BRDA:245,15,0,0
BRDA:268,16,0,0
BRDA:268,16,1,0
BRDA:281,17,0,0
BRDA:291,18,0,0
BRDA:291,18,1,0
BRDA:308,19,0,0
BRF:41
BRH:0
end_of_record
TN:
SF:src/components/linkedin-visualizers/skills/SkillsRadar.tsx
FN:13,SkillsRadar
FN:17,(anonymous_5)
FN:45,(anonymous_6)
FN:50,(anonymous_7)
FN:75,(anonymous_8)
FN:88,(anonymous_9)
FN:94,(anonymous_10)
FN:100,(anonymous_11)
FN:118,(anonymous_12)
FN:119,(anonymous_13)
FN:122,(anonymous_14)
FN:161,(anonymous_15)
FN:179,(anonymous_16)
FN:208,(anonymous_17)
FN:213,(anonymous_18)
FN:225,(anonymous_19)
FN:257,(anonymous_20)
FN:287,(anonymous_21)
FNF:18
FNH:0
FNDA:0,SkillsRadar
FNDA:0,(anonymous_5)
FNDA:0,(anonymous_6)
FNDA:0,(anonymous_7)
FNDA:0,(anonymous_8)
FNDA:0,(anonymous_9)
FNDA:0,(anonymous_10)
FNDA:0,(anonymous_11)
FNDA:0,(anonymous_12)
FNDA:0,(anonymous_13)
FNDA:0,(anonymous_14)
FNDA:0,(anonymous_15)
FNDA:0,(anonymous_16)
FNDA:0,(anonymous_17)
FNDA:0,(anonymous_18)
FNDA:0,(anonymous_19)
FNDA:0,(anonymous_20)
FNDA:0,(anonymous_21)
DA:3,0
DA:4,0
DA:5,0
DA:6,0
DA:13,0
DA:14,0
DA:15,0
DA:17,0
DA:18,0
DA:20,0
DA:21,0
DA:24,0
DA:27,0
DA:28,0
DA:29,0
DA:30,0
DA:31,0
DA:33,0
DA:39,0
DA:44,0
DA:45,0
DA:49,0
DA:50,0
DA:53,0
DA:56,0
DA:60,0
DA:65,0
DA:68,0
DA:75,0
DA:82,0
DA:88,0
DA:95,0
DA:96,0
DA:100,0
DA:101,0
DA:102,0
DA:103,0
DA:105,0
DA:117,0
DA:118,0
DA:119,0
DA:122,0
DA:123,0
DA:124,0
DA:125,0
DA:129,0
DA:139,0
DA:155,0
DA:161,0
DA:162,0
DA:163,0
DA:164,0
DA:165,0
DA:167,0
DA:170,0
DA:180,0
DA:185,0
DA:209,0
DA:214,0
DA:219,0
DA:224,0
DA:225,0
DA:226,0
DA:227,0
DA:228,0
DA:230,0
DA:232,0
DA:244,0
DA:257,0
DA:258,0
DA:262,0
DA:288,0
LF:72
LH:0
BRDA:18,0,0,0
BRDA:18,0,1,0
BRDA:18,1,0,0
BRDA:18,1,1,0
BRDA:18,1,2,0
BRDA:44,2,0,0
BRDA:44,2,1,0
BRDA:50,3,0,0
BRDA:50,3,1,0
BRDA:53,4,0,0
BRDA:53,4,1,0
BRDA:236,5,0,0
BRDA:236,5,1,0
BRDA:236,6,0,0
BRDA:236,6,1,0
BRDA:248,7,0,0
BRDA:248,7,1,0
BRDA:248,8,0,0
BRDA:248,8,1,0
BRDA:262,9,0,0
BRDA:262,9,1,0
BRF:21
BRH:0
end_of_record
TN:
SF:src/components/linkedin-visualizers/skills/SkillsShowcase.tsx
FN:60,SkillsShowcase
FN:64,(anonymous_2)
FN:67,(anonymous_3)
FN:72,(anonymous_4)
FN:73,(anonymous_5)
FN:76,(anonymous_6)
FN:84,(anonymous_7)
FN:85,(anonymous_8)
FN:88,(anonymous_9)
FN:89,(anonymous_10)
FN:95,(anonymous_11)
FN:127,(anonymous_12)
FN:148,(anonymous_13)
FN:154,(anonymous_14)
FN:175,(anonymous_15)
FN:179,(anonymous_16)
FN:205,(anonymous_17)
FN:231,(anonymous_18)
FNF:18
FNH:0
FNDA:0,SkillsShowcase
FNDA:0,(anonymous_2)
FNDA:0,(anonymous_3)
FNDA:0,(anonymous_4)
FNDA:0,(anonymous_5)
FNDA:0,(anonymous_6)
FNDA:0,(anonymous_7)
FNDA:0,(anonymous_8)
FNDA:0,(anonymous_9)
FNDA:0,(anonymous_10)
FNDA:0,(anonymous_11)
FNDA:0,(anonymous_12)
FNDA:0,(anonymous_13)
FNDA:0,(anonymous_14)
FNDA:0,(anonymous_15)
FNDA:0,(anonymous_16)
FNDA:0,(anonymous_17)
FNDA:0,(anonymous_18)
DA:3,0
DA:4,0
DA:14,0
DA:15,0
DA:16,0
DA:17,0
DA:18,0
DA:19,0
DA:27,0
DA:60,0
DA:61,0
DA:62,0
DA:64,0
DA:65,0
DA:67,0
DA:70,0
DA:72,0
DA:73,0
DA:77,0
DA:80,0
DA:84,0
DA:85,0
DA:86,0
DA:88,0
DA:89,0
DA:91,0
DA:94,0
DA:95,0
DA:128,0
DA:149,0
DA:154,0
DA:175,0
DA:180,0
DA:206,0
DA:232,0
LF:35
LH:0
BRDA:65,0,0,0
BRDA:65,0,1,0
BRDA:95,1,0,0
BRDA:95,1,1,0
BRDA:156,2,0,0
BRDA:156,2,1,0
BRDA:169,3,0,0
BRDA:169,3,1,0
BRDA:199,4,0,0
BRDA:242,5,0,0
BRDA:269,6,0,0
BRDA:274,7,0,0
BRDA:274,7,1,0
BRDA:279,8,0,0
BRDA:286,9,0,0
BRDA:293,10,0,0
BRF:16
BRH:0
end_of_record
TN:
SF:src/components/linkedin-visualizers/skills/skillsData.ts
FNF:0
FNH:0
DA:4,0
LF:1
LH:0
BRF:0
BRH:0
end_of_record
TN:
SF:src/components/linkedin-visualizers/skills/types.ts
FNF:0
FNH:0
DA:64,0
DA:80,0
DA:89,0
LF:3
LH:0
BRF:0
BRH:0
end_of_record
TN:
SF:src/components/linkedin-visualizers/stats/ProfessionalStats.tsx
FN:19,(anonymous_2)
FN:84,(anonymous_3)
FN:88,(anonymous_4)
FN:176,(anonymous_5)
FNF:4
FNH:0
FNDA:0,(anonymous_2)
FNDA:0,(anonymous_3)
FNDA:0,(anonymous_4)
FNDA:0,(anonymous_5)
DA:1,0
DA:2,0
DA:19,0
DA:84,0
DA:85,0
DA:89,0
DA:113,0
DA:115,0
DA:177,0
DA:191,0
LF:10
LH:0
BRDA:59,0,0,0
BRDA:59,0,1,0
BRDA:66,1,0,0
BRDA:85,2,0,0
BRDA:85,2,1,0
BRDA:113,3,0,0
BRDA:113,3,1,0
BRF:7
BRH:0
end_of_record
TN:
SF:src/components/linkedin-visualizers/timeline/ProfessionalTimeline.tsx
FN:13,(anonymous_4)
FN:45,(anonymous_5)
FN:65,(anonymous_6)
FN:71,(anonymous_7)
FN:75,(anonymous_8)
FN:96,(anonymous_9)
FN:111,(anonymous_10)
FN:121,(anonymous_11)
FN:127,(anonymous_12)
FN:135,(anonymous_13)
FN:140,(anonymous_14)
FN:150,(anonymous_15)
FN:159,(anonymous_16)
FN:166,(anonymous_17)
FN:177,(anonymous_18)
FN:182,(anonymous_19)
FN:192,(anonymous_20)
FN:195,(anonymous_21)
FN:207,(anonymous_22)
FN:211,(anonymous_23)
FN:221,(anonymous_24)
FN:280,(anonymous_25)
FNF:22
FNH:0
FNDA:0,(anonymous_4)
FNDA:0,(anonymous_5)
FNDA:0,(anonymous_6)
FNDA:0,(anonymous_7)
FNDA:0,(anonymous_8)
FNDA:0,(anonymous_9)
FNDA:0,(anonymous_10)
FNDA:0,(anonymous_11)
FNDA:0,(anonymous_12)
FNDA:0,(anonymous_13)
FNDA:0,(anonymous_14)
FNDA:0,(anonymous_15)
FNDA:0,(anonymous_16)
FNDA:0,(anonymous_17)
FNDA:0,(anonymous_18)
FNDA:0,(anonymous_19)
FNDA:0,(anonymous_20)
FNDA:0,(anonymous_21)
FNDA:0,(anonymous_22)
FNDA:0,(anonymous_23)
FNDA:0,(anonymous_24)
FNDA:0,(anonymous_25)
DA:1,0
DA:2,0
DA:3,0
DA:13,0
DA:19,0
DA:20,0
DA:21,0
DA:22,0
DA:25,0
DA:35,0
DA:45,0
DA:46,0
DA:48,0
DA:49,0
DA:50,0
DA:53,0
DA:56,0
DA:57,0
DA:58,0
DA:61,0
DA:65,0
DA:66,0
DA:70,0
DA:71,0
DA:75,0
DA:76,0
DA:82,0
DA:85,0
DA:94,0
DA:96,0
DA:98,0
DA:106,0
DA:112,0
DA:113,0
DA:114,0
DA:115,0
DA:119,0
DA:122,0
DA:123,0
DA:127,0
DA:133,0
DA:135,0
DA:141,0
DA:147,0
DA:148,0
DA:151,0
DA:157,0
DA:160,0
DA:164,0
DA:166,0
DA:170,0
DA:177,0
DA:180,0
DA:182,0
DA:186,0
DA:192,0
DA:195,0
DA:199,0
DA:202,0
DA:207,0
DA:209,0
DA:211,0
DA:215,0
DA:221,0
DA:281,0
DA:314,0
LF:66
LH:0
BRDA:15,0,0,0
BRDA:16,1,0,0
BRDA:17,2,0,0
BRDA:46,3,0,0
BRDA:46,3,1,0
BRDA:46,4,0,0
BRDA:46,4,1,0
BRDA:46,4,2,0
BRDA:49,5,0,0
BRDA:49,5,1,0
BRDA:160,6,0,0
BRDA:160,6,1,0
BRDA:177,7,0,0
BRDA:177,7,1,0
BRDA:192,8,0,0
BRDA:192,8,1,0
BRDA:237,9,0,0
BRDA:278,10,0,0
BRDA:278,10,1,0
BRDA:288,11,0,0
BRDA:302,12,0,0
BRF:21
BRH:0
end_of_record
TN:
SF:src/components/navigation/floating-nav.tsx
FN:25,FloatingNav
FN:35,(anonymous_2)
FN:36,(anonymous_3)
FN:51,(anonymous_4)
FN:67,(anonymous_5)
FN:70,(anonymous_6)
FN:92,(anonymous_7)
FN:99,(anonymous_8)
FN:137,(anonymous_9)
FN:178,(anonymous_10)
FN:191,(anonymous_11)
FN:198,(anonymous_12)
FNF:12
FNH:0
FNDA:0,FloatingNav
FNDA:0,(anonymous_2)
FNDA:0,(anonymous_3)
FNDA:0,(anonymous_4)
FNDA:0,(anonymous_5)
FNDA:0,(anonymous_6)
FNDA:0,(anonymous_7)
FNDA:0,(anonymous_8)
FNDA:0,(anonymous_9)
FNDA:0,(anonymous_10)
FNDA:0,(anonymous_11)
FNDA:0,(anonymous_12)
DA:3,0
DA:4,0
DA:5,0
DA:16,0
DA:25,0
DA:26,0
DA:27,0
DA:29,0
DA:30,0
DA:31,0
DA:32,0
DA:33,0
DA:35,0
DA:36,0
DA:37,0
DA:38,0
DA:39,0
DA:40,0
DA:42,0
DA:43,0
DA:44,0
DA:46,0
DA:47,0
DA:51,0
DA:52,0
DA:53,0
DA:54,0
DA:55,0
DA:56,0
DA:57,0
DA:58,0
DA:64,0
DA:65,0
DA:67,0
DA:70,0
DA:71,0
DA:72,0
DA:73,0
DA:74,0
DA:93,0
DA:94,0
DA:96,0
DA:99,0
DA:137,0
DA:178,0
DA:192,0
DA:193,0
DA:195,0
DA:198,0
LF:49
LH:0
BRDA:39,0,0,0
BRDA:39,0,1,0
BRDA:42,1,0,0
BRDA:42,1,1,0
BRDA:54,2,0,0
BRDA:54,2,1,0
BRDA:56,3,0,0
BRDA:56,3,1,0
BRDA:56,4,0,0
BRDA:56,4,1,0
BRDA:72,5,0,0
BRDA:72,5,1,0
BRDA:101,6,0,0
BRDA:101,6,1,0
BRDA:114,7,0,0
BRDA:143,8,0,0
BRDA:143,8,1,0
BRDA:170,9,0,0
BRDA:200,10,0,0
BRDA:200,10,1,0
BRF:20
BRH:0
end_of_record
TN:
SF:src/components/sections/about-section.tsx
FN:103,(anonymous_1)
FN:113,AboutSection
FN:207,(anonymous_3)
FN:246,(anonymous_4)
FN:261,(anonymous_5)
FNF:5
FNH:0
FNDA:0,(anonymous_1)
FNDA:0,AboutSection
FNDA:0,(anonymous_3)
FNDA:0,(anonymous_4)
FNDA:0,(anonymous_5)
DA:3,0
DA:4,0
DA:5,0
DA:6,0
DA:9,0
DA:76,0
DA:103,0
DA:104,0
DA:110,0
DA:113,0
DA:114,0
DA:115,0
DA:120,0
DA:131,0
DA:208,0
DA:247,0
DA:248,0
DA:255,0
DA:261,0
LF:19
LH:0
BRDA:110,0,0,0
BRDA:110,0,1,0
BRDA:153,1,0,0
BRDA:153,1,1,0
BRDA:171,2,0,0
BRDA:171,2,1,0
BRDA:238,3,0,0
BRDA:238,3,1,0
BRDA:247,4,0,0
BRDA:247,4,1,0
BRDA:261,5,0,0
BRDA:261,5,1,0
BRDA:281,6,0,0
BRDA:281,6,1,0
BRDA:290,7,0,0
BRDA:290,7,1,0
BRDA:291,8,0,0
BRDA:291,8,1,0
BRF:18
BRH:0
end_of_record
TN:
SF:src/components/sections/contact-section.tsx
FN:19,ContactSection
FN:38,(anonymous_2)
FN:44,(anonymous_3)
FN:65,(anonymous_4)
FN:69,(anonymous_5)
FN:70,(anonymous_6)
FN:176,(anonymous_7)
FN:203,(anonymous_8)
FNF:8
FNH:0
FNDA:0,ContactSection
FNDA:0,(anonymous_2)
FNDA:0,(anonymous_3)
FNDA:0,(anonymous_4)
FNDA:0,(anonymous_5)
FNDA:0,(anonymous_6)
FNDA:0,(anonymous_7)
FNDA:0,(anonymous_8)
DA:3,0
DA:4,0
DA:5,0
DA:16,0
DA:19,0
DA:20,0
DA:30,0
DA:31,0
DA:33,0
DA:38,0
DA:39,0
DA:40,0
DA:42,0
DA:44,0
DA:47,0
DA:49,0
DA:51,0
DA:52,0
DA:62,0
DA:64,0
DA:65,0
DA:69,0
DA:70,0
DA:76,0
DA:98,0
DA:119,0
DA:130,0
DA:177,0
DA:204,0
LF:29
LH:0
BRDA:47,0,0,0
BRDA:47,0,1,0
BRDA:47,1,0,0
BRDA:47,1,1,0
BRDA:47,2,0,0
BRDA:47,2,1,0
BRDA:152,3,0,0
BRDA:152,3,1,0
BRDA:169,4,0,0
BRDA:169,4,1,0
BRDA:184,5,0,0
BRDA:237,6,0,0
BRDA:237,6,1,0
BRDA:300,7,0,0
BRDA:300,7,1,0
BRDA:319,8,0,0
BRDA:319,8,1,0
BRDA:341,9,0,0
BRDA:341,9,1,0
BRDA:376,10,0,0
BRDA:376,10,1,0
BRDA:377,11,0,0
BRDA:377,11,1,0
BRDA:380,12,0,0
BRDA:397,13,0,0
BRDA:408,14,0,0
BRF:26
BRH:0
end_of_record
TN:
SF:src/components/sections/hero-section.tsx
FN:8,HeroSection
FN:15,(anonymous_2)
FN:130,(anonymous_3)
FN:149,(anonymous_4)
FN:168,(anonymous_5)
FN:209,(anonymous_6)
FNF:6
FNH:0
FNDA:0,HeroSection
FNDA:0,(anonymous_2)
FNDA:0,(anonymous_3)
FNDA:0,(anonymous_4)
FNDA:0,(anonymous_5)
FNDA:0,(anonymous_6)
DA:3,0
DA:4,0
DA:5,0
DA:6,0
DA:8,0
DA:9,0
DA:10,0
DA:15,0
DA:16,0
DA:19,0
DA:21,0
DA:32,0
DA:43,0
DA:131,0
DA:150,0
DA:169,0
DA:210,0
LF:17
LH:0
BRDA:19,0,0,0
BRDA:19,0,1,0
BRDA:88,1,0,0
BRDA:88,1,1,0
BRDA:217,2,0,0
BRDA:217,2,1,0
BRDA:218,3,0,0
BRDA:218,3,1,0
BRF:8
BRH:0
end_of_record
TN:
SF:src/components/sections/projects-section.tsx
FN:123,ProjectsSection
FN:132,(anonymous_2)
FN:188,(anonymous_3)
FN:191,(anonymous_4)
FN:211,(anonymous_5)
FN:216,(anonymous_6)
FN:246,(anonymous_7)
FNF:7
FNH:0
FNDA:0,ProjectsSection
FNDA:0,(anonymous_2)
FNDA:0,(anonymous_3)
FNDA:0,(anonymous_4)
FNDA:0,(anonymous_5)
FNDA:0,(anonymous_6)
FNDA:0,(anonymous_7)
DA:3,0
DA:4,0
DA:5,0
DA:6,0
DA:9,0
DA:123,0
DA:124,0
DA:125,0
DA:126,0
DA:131,0
DA:132,0
DA:135,0
DA:146,0
DA:189,0
DA:191,0
DA:212,0
DA:216,0
DA:247,0
LF:18
LH:0
BRDA:132,0,0,0
BRDA:132,0,1,0
BRDA:168,1,0,0
BRDA:168,1,1,0
BRDA:184,2,0,0
BRDA:184,2,1,0
BRDA:193,3,0,0
BRDA:193,3,1,0
BRDA:209,4,0,0
BRDA:209,4,1,0
BRDA:223,5,0,0
BRDA:223,5,1,0
BRDA:225,6,0,0
BRDA:225,6,1,0
BRDA:254,7,0,0
BRDA:263,8,0,0
BRDA:266,9,0,0
BRDA:266,9,1,0
BRDA:269,10,0,0
BRDA:275,11,0,0
BRDA:285,12,0,0
BRDA:291,13,0,0
BRF:22
BRH:0
end_of_record
TN:
SF:src/components/showcase/ShowcaseSection.tsx
FN:12,ShowcaseSection
FN:60,(anonymous_5)
FNF:2
FNH:0
FNDA:0,ShowcaseSection
FNDA:0,(anonymous_5)
DA:3,0
DA:4,0
DA:5,0
DA:6,0
DA:12,0
DA:15,0
DA:16,0
DA:61,0
DA:125,0
LF:9
LH:0
BRDA:13,0,0,0
BRDA:35,1,0,0
BRDA:35,1,1,0
BRDA:35,2,0,0
BRDA:35,2,1,0
BRDA:51,3,0,0
BRDA:51,3,1,0
BRDA:51,4,0,0
BRDA:51,4,1,0
BRDA:75,5,0,0
BRDA:75,5,1,0
BRDA:75,6,0,0
BRDA:75,6,1,0
BRDA:92,7,0,0
BRDA:92,7,1,0
BRDA:92,8,0,0
BRDA:92,8,1,0
BRF:17
BRH:0
end_of_record
TN:
SF:src/components/three/ArtisticBackground.tsx
FN:75,ArtisticBackground
FN:100,(anonymous_8)
FN:135,(anonymous_9)
FN:155,(anonymous_10)
FN:203,(anonymous_11)
FN:214,(anonymous_12)
FN:264,(anonymous_13)
FN:293,InteractiveArtisticBackground
FN:303,(anonymous_15)
FN:307,(anonymous_16)
FN:309,(anonymous_17)
FN:315,(anonymous_18)
FN:319,(anonymous_19)
FN:322,(anonymous_20)
FN:326,(anonymous_21)
FN:335,(anonymous_22)
FNF:16
FNH:0
FNDA:0,ArtisticBackground
FNDA:0,(anonymous_8)
FNDA:0,(anonymous_9)
FNDA:0,(anonymous_10)
FNDA:0,(anonymous_11)
FNDA:0,(anonymous_12)
FNDA:0,(anonymous_13)
FNDA:0,InteractiveArtisticBackground
FNDA:0,(anonymous_15)
FNDA:0,(anonymous_16)
FNDA:0,(anonymous_17)
FNDA:0,(anonymous_18)
FNDA:0,(anonymous_19)
FNDA:0,(anonymous_20)
FNDA:0,(anonymous_21)
FNDA:0,(anonymous_22)
DA:3,0
DA:4,0
DA:5,0
DA:6,0
DA:11,0
DA:36,0
DA:75,0
DA:97,0
DA:100,0
DA:101,0
DA:131,0
DA:135,0
DA:136,0
DA:137,0
DA:140,0
DA:141,0
DA:143,0
DA:144,0
DA:145,0
DA:146,0
DA:147,0
DA:148,0
DA:150,0
DA:155,0
DA:156,0
DA:157,0
DA:159,0
DA:203,0
DA:204,0
DA:205,0
DA:206,0
DA:214,0
DA:215,0
DA:216,0
DA:217,0
DA:219,0
DA:229,0
DA:230,0
DA:239,0
DA:240,0
DA:249,0
DA:250,0
DA:259,0
DA:266,0
DA:267,0
DA:268,0
DA:272,0
DA:293,0
DA:294,0
DA:303,0
DA:304,0
DA:305,0
DA:307,0
DA:308,0
DA:309,0
DA:315,0
DA:319,0
DA:320,0
DA:322,0
DA:323,0
DA:324,0
DA:326,0
DA:334,0
DA:335,0
DA:341,0
LF:65
LH:0
BRDA:76,0,0,0
BRDA:77,1,0,0
BRDA:78,2,0,0
BRDA:79,3,0,0
BRDA:80,4,0,0
BRDA:81,5,0,0
BRDA:82,6,0,0
BRDA:83,7,0,0
BRDA:84,8,0,0
BRDA:85,9,0,0
BRDA:86,10,0,0
BRDA:87,11,0,0
BRDA:88,12,0,0
BRDA:89,13,0,0
BRDA:90,14,0,0
BRDA:91,15,0,0
BRDA:92,16,0,0
BRDA:93,17,0,0
BRDA:94,18,0,0
BRDA:95,19,0,0
BRDA:136,20,0,0
BRDA:136,20,1,0
BRDA:136,21,0,0
BRDA:136,21,1,0
BRDA:141,22,0,0
BRDA:141,22,1,0
BRDA:143,23,0,0
BRDA:143,23,1,0
BRDA:145,24,0,0
BRDA:145,24,1,0
BRDA:147,25,0,0
BRDA:147,25,1,0
BRDA:204,26,0,0
BRDA:204,26,1,0
BRDA:204,27,0,0
BRDA:204,27,1,0
BRDA:229,28,0,0
BRDA:229,28,1,0
BRDA:239,29,0,0
BRDA:239,29,1,0
BRDA:249,30,0,0
BRDA:249,30,1,0
BRDA:275,31,0,0
BRDA:275,31,1,0
BRDA:320,32,0,0
BRDA:320,32,1,0
BRF:46
BRH:0
end_of_record
TN:
SF:src/components/three/BackgroundVisualizer.tsx
FN:17,LoadingFallback
FN:27,ErrorFallback
FN:37,BackgroundVisualizer
FN:47,(anonymous_9)
FN:93,(anonymous_10)
FN:94,(anonymous_11)
FN:95,(anonymous_12)
FNF:7
FNH:0
FNDA:0,LoadingFallback
FNDA:0,ErrorFallback
FNDA:0,BackgroundVisualizer
FNDA:0,(anonymous_9)
FNDA:0,(anonymous_10)
FNDA:0,(anonymous_11)
FNDA:0,(anonymous_12)
DA:3,0
DA:4,0
DA:5,0
DA:6,0
DA:7,0
DA:37,0
DA:43,0
DA:44,0
DA:47,0
DA:48,0
DA:50,0
DA:51,0
DA:52,0
DA:53,0
DA:54,0
DA:57,0
DA:58,0
DA:62,0
DA:63,0
DA:93,0
DA:94,0
DA:95,0
DA:130,0
LF:23
LH:0
BRDA:38,0,0,0
BRDA:39,1,0,0
BRDA:40,2,0,0
BRDA:41,3,0,0
BRDA:48,4,0,0
BRDA:48,4,1,0
BRDA:52,5,0,0
BRDA:52,5,1,0
BRDA:53,6,0,0
BRDA:53,6,1,0
BRDA:62,7,0,0
BRDA:62,7,1,0
BRDA:87,8,0,0
BRDA:87,8,1,0
BRDA:97,9,0,0
BRDA:97,9,1,0
BRDA:103,10,0,0
BRDA:117,11,0,0
BRDA:117,11,1,0
BRDA:121,12,0,0
BRF:20
BRH:0
end_of_record
TN:
SF:src/components/three/ErrorBoundary.tsx
FN:19,(anonymous_2)
FN:41,(anonymous_3)
FN:24,(anonymous_4)
FN:28,(anonymous_5)
FN:45,(anonymous_6)
FNF:5
FNH:0
FNDA:0,(anonymous_2)
FNDA:0,(anonymous_3)
FNDA:0,(anonymous_4)
FNDA:0,(anonymous_5)
FNDA:0,(anonymous_6)
DA:3,0
DA:4,0
DA:20,0
DA:21,0
DA:25,0
DA:29,0
DA:30,0
DA:33,0
DA:34,0
DA:35,0
DA:36,0
DA:37,0
DA:42,0
DA:46,0
DA:47,0
DA:48,0
DA:82,0
DA:86,0
LF:18
LH:0
BRDA:33,0,0,0
BRDA:33,0,1,0
BRDA:46,1,0,0
BRDA:46,1,1,0
BRDA:47,2,0,0
BRDA:47,2,1,0
BRDA:61,3,0,0
BRDA:61,3,1,0
BRF:8
BRH:0
end_of_record
TN:
SF:src/components/three/OptimizedArtisticBackground.tsx
FN:50,detectDeviceCapabilities
FN:67,OptimizedArtisticBackground
FN:86,(anonymous_9)
FN:89,(anonymous_10)
FN:102,(anonymous_11)
FN:120,(anonymous_12)
FN:131,(anonymous_13)
FN:153,(anonymous_14)
FN:187,(anonymous_15)
FN:209,(anonymous_16)
FN:210,(anonymous_17)
FN:221,(anonymous_18)
FN:247,(anonymous_19)
FN:264,InteractiveOptimizedArtisticBackground
FN:278,(anonymous_21)
FN:282,(anonymous_22)
FN:286,(anonymous_23)
FN:293,(anonymous_24)
FN:297,(anonymous_25)
FN:302,(anonymous_26)
FN:306,(anonymous_27)
FN:312,(anonymous_28)
FN:322,(anonymous_29)
FN:328,(anonymous_30)
FNF:24
FNH:0
FNDA:0,detectDeviceCapabilities
FNDA:0,OptimizedArtisticBackground
FNDA:0,(anonymous_9)
FNDA:0,(anonymous_10)
FNDA:0,(anonymous_11)
FNDA:0,(anonymous_12)
FNDA:0,(anonymous_13)
FNDA:0,(anonymous_14)
FNDA:0,(anonymous_15)
FNDA:0,(anonymous_16)
FNDA:0,(anonymous_17)
FNDA:0,(anonymous_18)
FNDA:0,(anonymous_19)
FNDA:0,InteractiveOptimizedArtisticBackground
FNDA:0,(anonymous_21)
FNDA:0,(anonymous_22)
FNDA:0,(anonymous_23)
FNDA:0,(anonymous_24)
FNDA:0,(anonymous_25)
FNDA:0,(anonymous_26)
FNDA:0,(anonymous_27)
FNDA:0,(anonymous_28)
FNDA:0,(anonymous_29)
FNDA:0,(anonymous_30)
DA:3,0
DA:4,0
DA:5,0
DA:6,0
DA:13,0
DA:26,0
DA:51,0
DA:53,0
DA:54,0
DA:57,0
DA:58,0
DA:59,0
DA:60,0
DA:61,0
DA:64,0
DA:67,0
DA:77,0
DA:78,0
DA:79,0
DA:80,0
DA:81,0
DA:83,0
DA:86,0
DA:89,0
DA:90,0
DA:92,0
DA:93,0
DA:94,0
DA:98,0
DA:99,0
DA:102,0
DA:103,0
DA:104,0
DA:107,0
DA:108,0
DA:109,0
DA:110,0
DA:111,0
DA:112,0
DA:113,0
DA:115,0
DA:116,0
DA:120,0
DA:121,0
DA:122,0
DA:127,0
DA:131,0
DA:132,0
DA:134,0
DA:135,0
DA:138,0
DA:140,0
DA:141,0
DA:142,0
DA:143,0
DA:147,0
DA:148,0
DA:153,0
DA:154,0
DA:156,0
DA:158,0
DA:160,0
DA:161,0
DA:163,0
DA:165,0
DA:166,0
DA:167,0
DA:168,0
DA:169,0
DA:170,0
DA:171,0
DA:173,0
DA:175,0
DA:176,0
DA:177,0
DA:178,0
DA:179,0
DA:180,0
DA:181,0
DA:187,0
DA:188,0
DA:191,0
DA:194,0
DA:195,0
DA:196,0
DA:199,0
DA:202,0
DA:203,0
DA:209,0
DA:210,0
DA:211,0
DA:212,0
DA:214,0
DA:215,0
DA:221,0
DA:222,0
DA:231,0
DA:232,0
DA:239,0
DA:240,0
DA:247,0
DA:248,0
DA:264,0
DA:265,0
DA:273,0
DA:274,0
DA:275,0
DA:278,0
DA:279,0
DA:280,0
DA:282,0
DA:284,0
DA:285,0
DA:286,0
DA:293,0
DA:297,0
DA:298,0
DA:302,0
DA:303,0
DA:305,0
DA:306,0
DA:307,0
DA:308,0
DA:310,0
DA:312,0
DA:321,0
DA:322,0
DA:323,0
DA:324,0
DA:328,0
DA:329,0
DA:353,0
LF:132
LH:0
BRDA:51,0,0,0
BRDA:51,0,1,0
BRDA:58,1,0,0
BRDA:58,1,1,0
BRDA:60,2,0,0
BRDA:60,2,1,0
BRDA:60,3,0,0
BRDA:60,3,1,0
BRDA:68,4,0,0
BRDA:69,5,0,0
BRDA:70,6,0,0
BRDA:71,7,0,0
BRDA:72,8,0,0
BRDA:74,9,0,0
BRDA:90,10,0,0
BRDA:90,10,1,0
BRDA:92,11,0,0
BRDA:92,11,1,0
BRDA:93,12,0,0
BRDA:93,12,1,0
BRDA:107,13,0,0
BRDA:107,13,1,0
BRDA:108,14,0,0
BRDA:108,14,1,0
BRDA:109,15,0,0
BRDA:109,15,1,0
BRDA:110,16,0,0
BRDA:110,16,1,0
BRDA:111,17,0,0
BRDA:111,17,1,0
BRDA:112,18,0,0
BRDA:112,18,1,0
BRDA:113,19,0,0
BRDA:113,19,1,0
BRDA:122,20,0,0
BRDA:122,20,1,0
BRDA:123,21,0,0
BRDA:123,21,1,0
BRDA:124,22,0,0
BRDA:124,22,1,0
BRDA:125,23,0,0
BRDA:125,23,1,0
BRDA:132,24,0,0
BRDA:132,24,1,0
BRDA:138,25,0,0
BRDA:138,25,1,0
BRDA:140,26,0,0
BRDA:140,26,1,0
BRDA:147,27,0,0
BRDA:147,27,1,0
BRDA:154,28,0,0
BRDA:154,28,1,0
BRDA:158,29,0,0
BRDA:158,29,1,0
BRDA:160,30,0,0
BRDA:160,30,1,0
BRDA:163,31,0,0
BRDA:163,31,1,0
BRDA:163,32,0,0
BRDA:163,32,1,0
BRDA:167,33,0,0
BRDA:167,33,1,0
BRDA:173,34,0,0
BRDA:173,34,1,0
BRDA:173,35,0,0
BRDA:173,35,1,0
BRDA:177,36,0,0
BRDA:177,36,1,0
BRDA:177,37,0,0
BRDA:177,37,1,0
BRDA:194,38,0,0
BRDA:194,38,1,0
BRDA:202,39,0,0
BRDA:202,39,1,0
BRDA:211,40,0,0
BRDA:211,40,1,0
BRDA:214,41,0,0
BRDA:214,41,1,0
BRDA:231,42,0,0
BRDA:231,42,1,0
BRDA:231,43,0,0
BRDA:231,43,1,0
BRDA:231,43,2,0
BRDA:239,44,0,0
BRDA:239,44,1,0
BRDA:239,45,0,0
BRDA:239,45,1,0
BRDA:250,46,0,0
BRDA:250,46,1,0
BRDA:255,47,0,0
BRDA:255,47,1,0
BRDA:284,48,0,0
BRDA:284,48,1,0
BRDA:298,49,0,0
BRDA:298,49,1,0
BRDA:342,50,0,0
BRDA:342,50,1,0
BRF:97
BRH:0
end_of_record
TN:
SF:src/components/three/PerformanceMonitor.tsx
FN:13,PerformanceMonitor
FN:34,(anonymous_5)
FN:52,(anonymous_6)
FN:64,(anonymous_7)
FN:86,(anonymous_8)
FN:117,(anonymous_9)
FN:118,(anonymous_10)
FN:124,(anonymous_11)
FN:125,(anonymous_12)
FN:136,(anonymous_13)
FN:144,(anonymous_14)
FN:152,(anonymous_15)
FN:153,(anonymous_16)
FN:166,(anonymous_17)
FNF:14
FNH:0
FNDA:0,PerformanceMonitor
FNDA:0,(anonymous_5)
FNDA:0,(anonymous_6)
FNDA:0,(anonymous_7)
FNDA:0,(anonymous_8)
FNDA:0,(anonymous_9)
FNDA:0,(anonymous_10)
FNDA:0,(anonymous_11)
FNDA:0,(anonymous_12)
FNDA:0,(anonymous_13)
FNDA:0,(anonymous_14)
FNDA:0,(anonymous_15)
FNDA:0,(anonymous_16)
FNDA:0,(anonymous_17)
DA:3,0
DA:4,0
DA:13,0
DA:18,0
DA:19,0
DA:27,0
DA:28,0
DA:29,0
DA:30,0
DA:31,0
DA:34,0
DA:35,0
DA:36,0
DA:39,0
DA:40,0
DA:41,0
DA:43,0
DA:46,0
DA:47,0
DA:48,0
DA:52,0
DA:54,0
DA:55,0
DA:58,0
DA:59,0
DA:60,0
DA:63,0
DA:64,0
DA:68,0
DA:69,0
DA:72,0
DA:73,0
DA:74,0
DA:75,0
DA:78,0
DA:82,0
DA:83,0
DA:85,0
DA:86,0
DA:87,0
DA:88,0
DA:89,0
DA:90,0
DA:91,0
DA:92,0
DA:94,0
DA:99,0
DA:100,0
DA:104,0
DA:112,0
DA:113,0
DA:117,0
DA:118,0
DA:119,0
DA:124,0
DA:125,0
DA:126,0
DA:127,0
DA:136,0
DA:137,0
DA:140,0
DA:141,0
DA:142,0
DA:144,0
DA:145,0
DA:146,0
DA:152,0
DA:153,0
DA:154,0
DA:156,0
DA:157,0
DA:160,0
DA:161,0
DA:165,0
DA:166,0
DA:170,0
DA:173,0
LF:77
LH:0
BRDA:15,0,0,0
BRDA:16,1,0,0
BRDA:39,2,0,0
BRDA:39,2,1,0
BRDA:46,3,0,0
BRDA:46,3,1,0
BRDA:59,4,0,0
BRDA:59,4,1,0
BRDA:73,5,0,0
BRDA:73,5,1,0
BRDA:73,6,0,0
BRDA:73,6,1,0
BRDA:85,7,0,0
BRDA:85,7,1,0
BRDA:85,8,0,0
BRDA:85,8,1,0
BRDA:87,9,0,0
BRDA:87,9,1,0
BRDA:89,10,0,0
BRDA:89,10,1,0
BRDA:91,11,0,0
BRDA:91,11,1,0
BRDA:91,12,0,0
BRDA:91,12,1,0
BRDA:140,13,0,0
BRDA:140,13,1,0
BRDA:140,14,0,0
BRDA:140,14,1,0
BRDA:156,15,0,0
BRDA:156,15,1,0
BRDA:160,16,0,0
BRDA:160,16,1,0
BRF:32
BRH:0
end_of_record
TN:
SF:src/components/three/ThreeVisualizersSection.tsx
FN:64,(anonymous_5)
FN:69,(anonymous_6)
FN:73,(anonymous_7)
FN:78,(anonymous_8)
FN:87,(anonymous_9)
FN:114,(anonymous_11)
FN:123,(anonymous_12)
FN:124,(anonymous_13)
FN:141,(anonymous_14)
FN:148,(anonymous_15)
FN:152,(anonymous_16)
FN:156,(anonymous_17)
FN:159,(anonymous_18)
FN:161,(anonymous_19)
FN:162,(anonymous_20)
FN:175,(anonymous_21)
FN:176,(anonymous_22)
FN:240,EnhancedThreeCanvas
FN:265,(anonymous_25)
FN:296,(anonymous_27)
FN:360,ThreeVisualizersSection
FN:440,(anonymous_33)
FN:444,(anonymous_34)
FN:461,(anonymous_35)
FN:462,(anonymous_36)
FN:474,(anonymous_37)
FN:543,(anonymous_38)
FN:546,(anonymous_39)
FN:602,(anonymous_40)
FN:627,(anonymous_41)
FN:628,(anonymous_42)
FNF:31
FNH:0
FNDA:0,(anonymous_5)
FNDA:0,(anonymous_6)
FNDA:0,(anonymous_7)
FNDA:0,(anonymous_8)
FNDA:0,(anonymous_9)
FNDA:0,(anonymous_11)
FNDA:0,(anonymous_12)
FNDA:0,(anonymous_13)
FNDA:0,(anonymous_14)
FNDA:0,(anonymous_15)
FNDA:0,(anonymous_16)
FNDA:0,(anonymous_17)
FNDA:0,(anonymous_18)
FNDA:0,(anonymous_19)
FNDA:0,(anonymous_20)
FNDA:0,(anonymous_21)
FNDA:0,(anonymous_22)
FNDA:0,EnhancedThreeCanvas
FNDA:0,(anonymous_25)
FNDA:0,(anonymous_27)
FNDA:0,ThreeVisualizersSection
FNDA:0,(anonymous_33)
FNDA:0,(anonymous_34)
FNDA:0,(anonymous_35)
FNDA:0,(anonymous_36)
FNDA:0,(anonymous_37)
FNDA:0,(anonymous_38)
FNDA:0,(anonymous_39)
FNDA:0,(anonymous_40)
FNDA:0,(anonymous_41)
FNDA:0,(anonymous_42)
DA:3,0
DA:4,0
DA:5,0
DA:6,0
DA:8,0
DA:9,0
DA:10,0
DA:11,0
DA:13,0
DA:17,0
DA:18,0
DA:19,0
DA:20,0
DA:65,0
DA:66,0
DA:70,0
DA:74,0
DA:75,0
DA:79,0
DA:87,0
DA:97,0
DA:114,0
DA:115,0
DA:123,0
DA:124,0
DA:126,0
DA:134,0
DA:135,0
DA:138,0
DA:139,0
DA:141,0
DA:144,0
DA:148,0
DA:149,0
DA:150,0
DA:152,0
DA:153,0
DA:154,0
DA:156,0
DA:159,0
DA:160,0
DA:161,0
DA:162,0
DA:175,0
DA:176,0
DA:240,0
DA:251,0
DA:266,0
DA:297,0
DA:360,0
DA:368,0
DA:369,0
DA:370,0
DA:371,0
DA:378,0
DA:385,0
DA:386,0
DA:389,0
DA:436,0
DA:439,0
DA:440,0
DA:444,0
DA:445,0
DA:448,0
DA:449,0
DA:450,0
DA:452,0
DA:455,0
DA:456,0
DA:461,0
DA:462,0
DA:463,0
DA:465,0
DA:466,0
DA:468,0
DA:474,0
DA:475,0
DA:478,0
DA:544,0
DA:546,0
DA:603,0
DA:628,0
DA:629,0
DA:631,0
DA:632,0
DA:669,0
LF:86
LH:0
BRDA:79,0,0,0
BRDA:79,0,1,0
BRDA:81,1,0,0
BRDA:160,2,0,0
BRDA:160,2,1,0
BRDA:169,3,0,0
BRDA:169,3,1,0
BRDA:183,4,0,0
BRDA:183,4,1,0
BRDA:184,5,0,0
BRDA:184,5,1,0
BRDA:195,6,0,0
BRDA:203,7,0,0
BRDA:221,8,0,0
BRDA:221,8,1,0
BRDA:284,9,0,0
BRDA:284,9,1,0
BRDA:362,10,0,0
BRDA:363,11,0,0
BRDA:364,12,0,0
BRDA:365,13,0,0
BRDA:366,14,0,0
BRDA:440,15,0,0
BRDA:440,15,1,0
BRDA:448,16,0,0
BRDA:448,16,1,0
BRDA:449,17,0,0
BRDA:449,17,1,0
BRDA:455,18,0,0
BRDA:455,18,1,0
BRDA:463,19,0,0
BRDA:463,19,1,0
BRDA:465,20,0,0
BRDA:465,20,1,0
BRDA:478,21,0,0
BRDA:478,21,1,0
BRDA:478,22,0,0
BRDA:478,22,1,0
BRDA:520,23,0,0
BRDA:520,23,1,0
BRDA:520,24,0,0
BRDA:520,24,1,0
BRDA:528,25,0,0
BRDA:528,25,1,0
BRDA:528,26,0,0
BRDA:528,26,1,0
BRDA:536,27,0,0
BRDA:540,28,0,0
BRDA:540,28,1,0
BRDA:540,29,0,0
BRDA:540,29,1,0
BRDA:548,30,0,0
BRDA:548,30,1,0
BRDA:560,31,0,0
BRDA:564,32,0,0
BRDA:564,32,1,0
BRDA:564,33,0,0
BRDA:564,33,1,0
BRDA:598,34,0,0
BRDA:598,34,1,0
BRDA:598,35,0,0
BRDA:598,35,1,0
BRDA:617,36,0,0
BRDA:617,36,1,0
BRDA:617,37,0,0
BRDA:617,37,1,0
BRDA:629,38,0,0
BRDA:629,38,1,0
BRDA:657,39,0,0
BRDA:657,39,1,0
BRDA:657,40,0,0
BRDA:657,40,1,0
BRF:72
BRH:0
end_of_record
TN:
SF:src/components/three/VisualizerCard.tsx
FN:15,VisualizerCard
FN:25,(anonymous_5)
FN:32,(anonymous_6)
FN:34,(anonymous_7)
FN:35,(anonymous_8)
FN:39,(anonymous_9)
FN:52,(anonymous_10)
FN:76,(anonymous_11)
FN:77,(anonymous_12)
FNF:9
FNH:0
FNDA:0,VisualizerCard
FNDA:0,(anonymous_5)
FNDA:0,(anonymous_6)
FNDA:0,(anonymous_7)
FNDA:0,(anonymous_8)
FNDA:0,(anonymous_9)
FNDA:0,(anonymous_10)
FNDA:0,(anonymous_11)
FNDA:0,(anonymous_12)
DA:3,0
DA:4,0
DA:15,0
DA:22,0
DA:23,0
DA:25,0
DA:26,0
DA:27,0
DA:28,0
DA:32,0
DA:33,0
DA:34,0
DA:35,0
DA:39,0
DA:40,0
DA:42,0
DA:44,0
DA:46,0
DA:48,0
DA:52,0
DA:53,0
DA:55,0
DA:57,0
DA:59,0
DA:61,0
DA:63,0
DA:76,0
DA:77,0
DA:221,0
LF:29
LH:0
BRDA:20,0,0,0
BRDA:26,1,0,0
BRDA:26,1,1,0
BRDA:33,2,0,0
BRDA:33,2,1,0
BRDA:33,3,0,0
BRDA:33,3,1,0
BRDA:40,4,0,0
BRDA:40,4,1,0
BRDA:40,4,2,0
BRDA:40,4,3,0
BRDA:53,5,0,0
BRDA:53,5,1,0
BRDA:53,5,2,0
BRDA:53,5,3,0
BRDA:53,5,4,0
BRDA:70,6,0,0
BRDA:70,6,1,0
BRDA:105,7,0,0
BRDA:118,8,0,0
BRDA:154,9,0,0
BRDA:154,9,1,0
BRDA:155,10,0,0
BRDA:155,10,1,0
BRDA:157,11,0,0
BRDA:157,11,1,0
BRDA:158,12,0,0
BRDA:158,12,1,0
BRDA:164,13,0,0
BRDA:164,13,1,0
BRDA:165,14,0,0
BRDA:165,14,1,0
BRDA:179,15,0,0
BRDA:199,16,0,0
BRDA:199,16,1,0
BRDA:209,17,0,0
BRF:36
BRH:0
end_of_record
TN:
SF:src/components/three/VisualizerLoader.tsx
FN:14,VisualizerLoader
FN:34,(anonymous_5)
FN:35,(anonymous_6)
FN:36,(anonymous_7)
FN:38,(anonymous_8)
FN:42,(anonymous_9)
FN:44,(anonymous_10)
FN:45,(anonymous_11)
FN:47,(anonymous_12)
FN:92,(anonymous_13)
FNF:10
FNH:0
FNDA:0,VisualizerLoader
FNDA:0,(anonymous_5)
FNDA:0,(anonymous_6)
FNDA:0,(anonymous_7)
FNDA:0,(anonymous_8)
FNDA:0,(anonymous_9)
FNDA:0,(anonymous_10)
FNDA:0,(anonymous_11)
FNDA:0,(anonymous_12)
FNDA:0,(anonymous_13)
DA:3,0
DA:4,0
DA:14,0
DA:21,0
DA:22,0
DA:24,0
DA:34,0
DA:35,0
DA:36,0
DA:38,0
DA:42,0
DA:43,0
DA:44,0
DA:45,0
DA:47,0
DA:93,0
DA:198,0
LF:17
LH:0
BRDA:16,0,0,0
BRDA:17,1,0,0
BRDA:18,2,0,0
BRDA:19,3,0,0
BRDA:36,4,0,0
BRDA:36,4,1,0
BRDA:43,5,0,0
BRDA:43,5,1,0
BRDA:138,6,0,0
BRDA:138,6,1,0
BRDA:153,7,0,0
BRDA:153,7,1,0
BRF:12
BRH:0
end_of_record
TN:
SF:src/components/three/mathematical-shapes.tsx
FN:15,MathematicalShapes
FN:23,(anonymous_5)
FN:33,(anonymous_6)
FN:59,(anonymous_7)
FN:65,(anonymous_8)
FN:100,LineConnections
FN:113,(anonymous_10)
FN:130,(anonymous_11)
FNF:8
FNH:0
FNDA:0,MathematicalShapes
FNDA:0,(anonymous_5)
FNDA:0,(anonymous_6)
FNDA:0,(anonymous_7)
FNDA:0,(anonymous_8)
FNDA:0,LineConnections
FNDA:0,(anonymous_10)
FNDA:0,(anonymous_11)
DA:3,0
DA:4,0
DA:5,0
DA:15,0
DA:20,0
DA:23,0
DA:24,0
DA:29,0
DA:33,0
DA:34,0
DA:54,0
DA:59,0
DA:60,0
DA:62,0
DA:64,0
DA:65,0
DA:66,0
DA:68,0
DA:69,0
DA:70,0
DA:73,0
DA:74,0
DA:76,0
DA:77,0
DA:78,0
DA:81,0
DA:82,0
DA:86,0
DA:90,0
DA:91,0
DA:96,0
DA:100,0
DA:111,0
DA:113,0
DA:114,0
DA:116,0
DA:117,0
DA:118,0
DA:120,0
DA:126,0
DA:127,0
DA:130,0
DA:131,0
DA:132,0
DA:137,0
DA:140,0
LF:46
LH:0
BRDA:16,0,0,0
BRDA:17,1,0,0
BRDA:18,2,0,0
BRDA:60,3,0,0
BRDA:60,3,1,0
BRDA:60,4,0,0
BRDA:60,4,1,0
BRDA:66,5,0,0
BRDA:66,5,1,0
BRDA:66,6,0,0
BRDA:66,6,1,0
BRDA:66,6,2,0
BRDA:66,6,3,0
BRDA:90,7,0,0
BRDA:90,7,1,0
BRDA:131,8,0,0
BRDA:131,8,1,0
BRF:17
BRH:0
end_of_record
TN:
SF:src/components/three/particle-field.tsx
FN:8,ParticleField
FN:21,(anonymous_5)
FN:67,(anonymous_6)
FNF:3
FNH:0
FNDA:0,ParticleField
FNDA:0,(anonymous_5)
FNDA:0,(anonymous_6)
DA:3,0
DA:4,0
DA:5,0
DA:8,0
DA:17,0
DA:18,0
DA:21,0
DA:22,0
DA:23,0
DA:24,0
DA:25,0
DA:27,0
DA:28,0
DA:36,0
DA:37,0
DA:40,0
DA:41,0
DA:42,0
DA:44,0
DA:45,0
DA:46,0
DA:49,0
DA:50,0
DA:51,0
DA:52,0
DA:55,0
DA:58,0
DA:59,0
DA:60,0
DA:63,0
DA:67,0
DA:68,0
[...]
DA:62,0
DA:64,0
DA:65,0
DA:68,0
DA:70,0
DA:72,0
DA:74,0
DA:76,0
DA:78,0
DA:79,0
DA:80,0
DA:83,0
DA:84,0
DA:86,0
DA:89,0
DA:90,0
DA:91,0
DA:92,0
DA:95,0
DA:96,0
DA:97,0
DA:99,0
DA:100,0
DA:102,0
DA:106,0
DA:117,0
DA:130,0
DA:131,0
DA:133,0
DA:134,0
DA:135,0
DA:137,0
DA:138,0
DA:140,0
DA:141,0
DA:142,0
DA:144,0
DA:145,0
DA:146,0
DA:149,0
DA:150,0
DA:151,0
DA:152,0
DA:155,0
DA:158,0
DA:159,0
DA:160,0
DA:189,0
DA:190,0
DA:192,0
DA:193,0
DA:194,0
DA:212,0
DA:216,0
DA:217,0
DA:238,0
DA:256,0
DA:257,0
DA:258,0
DA:259,0
DA:262,0
DA:263,0
DA:266,0
DA:267,0
DA:269,0
DA:275,0
DA:282,0
DA:291,0
DA:292,0
DA:293,0
DA:297,0
DA:298,0
DA:303,0
DA:304,0
DA:305,0
DA:306,0
DA:307,0
DA:311,0
DA:312,0
DA:313,0
DA:314,0
DA:315,0
DA:316,0
DA:317,0
DA:321,0
DA:322,0
DA:323,0
DA:324,0
DA:325,0
DA:326,0
DA:443,0
LF:106
LH:0
BRDA:47,0,0,0
BRDA:47,0,1,0
BRDA:84,1,0,0
BRDA:84,1,1,0
BRDA:159,2,0,0
BRDA:159,2,1,0
BRDA:193,3,0,0
BRDA:193,3,1,0
BRDA:214,4,0,0
BRDA:239,5,0,0
BRDA:240,6,0,0
BRDA:241,7,0,0
BRDA:242,8,0,0
BRDA:243,9,0,0
BRDA:244,10,0,0
BRDA:245,11,0,0
BRDA:246,12,0,0
BRDA:247,13,0,0
BRDA:248,14,0,0
BRDA:249,15,0,0
BRDA:250,16,0,0
BRDA:251,17,0,0
BRDA:252,18,0,0
BRDA:267,19,0,0
BRDA:267,19,1,0
BRDA:267,19,2,0
BRDA:267,19,3,0
BRDA:292,20,0,0
BRDA:292,20,1,0
BRDA:292,21,0,0
BRDA:292,21,1,0
BRDA:297,22,0,0
BRDA:297,22,1,0
BRDA:316,23,0,0
BRDA:316,23,1,0
BRDA:325,24,0,0
BRDA:325,24,1,0
BRDA:361,25,0,0
BRDA:360,26,0,0
BRDA:360,26,1,0
BRDA:363,27,0,0
BRDA:363,27,1,0
BRDA:366,28,0,0
BRDA:366,28,1,0
BRDA:373,29,0,0
BRDA:373,29,1,0
BRDA:379,30,0,0
BRDA:379,30,1,0
BRDA:384,31,0,0
BRDA:384,31,1,0
BRDA:384,31,2,0
BRDA:389,32,0,0
BRDA:397,33,0,0
BRDA:405,34,0,0
BRDA:405,34,1,0
BRDA:413,35,0,0
BRDA:428,36,0,0
BRDA:428,36,1,0
BRF:58
BRH:0
end_of_record
TN:
SF:src/components/three/visualizers/ParticleField.tsx
FN:32,ParticleSystem
FN:37,(anonymous_8)
FN:86,(anonymous_9)
FN:89,(anonymous_10)
FN:190,(anonymous_11)
FN:191,(anonymous_12)
FN:208,ParticleBackground
FN:212,(anonymous_14)
FN:224,(anonymous_15)
FN:280,ControlPanel
FN:296,(anonymous_17)
FN:309,(anonymous_18)
FN:322,(anonymous_19)
FN:335,(anonymous_20)
FN:348,(anonymous_21)
FN:365,ParticleField
FN:378,(anonymous_23)
FN:379,(anonymous_24)
FN:382,(anonymous_25)
FN:384,(anonymous_26)
FN:388,(anonymous_27)
FN:391,(anonymous_28)
FNF:22
FNH:0
FNDA:0,ParticleSystem
FNDA:0,(anonymous_8)
FNDA:0,(anonymous_9)
FNDA:0,(anonymous_10)
FNDA:0,(anonymous_11)
FNDA:0,(anonymous_12)
FNDA:0,ParticleBackground
FNDA:0,(anonymous_14)
FNDA:0,(anonymous_15)
FNDA:0,ControlPanel
FNDA:0,(anonymous_17)
FNDA:0,(anonymous_18)
FNDA:0,(anonymous_19)
FNDA:0,(anonymous_20)
FNDA:0,(anonymous_21)
FNDA:0,ParticleField
FNDA:0,(anonymous_23)
FNDA:0,(anonymous_24)
FNDA:0,(anonymous_25)
FNDA:0,(anonymous_26)
FNDA:0,(anonymous_27)
FNDA:0,(anonymous_28)
DA:1,0
DA:2,0
DA:3,0
DA:17,0
DA:33,0
DA:34,0
DA:37,0
DA:38,0
DA:39,0
DA:40,0
DA:41,0
DA:42,0
DA:43,0
DA:46,0
DA:47,0
DA:49,0
DA:50,0
DA:53,0
DA:54,0
DA:55,0
DA:58,0
DA:59,0
DA:60,0
DA:63,0
DA:64,0
DA:65,0
DA:66,0
DA:67,0
DA:70,0
DA:73,0
DA:76,0
DA:86,0
DA:89,0
DA:90,0
DA:92,0
DA:93,0
DA:96,0
DA:103,0
DA:104,0
DA:105,0
DA:106,0
DA:108,0
DA:109,0
DA:112,0
DA:119,0
DA:120,0
DA:121,0
DA:123,0
DA:124,0
DA:125,0
DA:127,0
DA:128,0
DA:129,0
DA:133,0
DA:134,0
DA:135,0
DA:137,0
DA:138,0
DA:139,0
DA:142,0
DA:143,0
DA:144,0
DA:147,0
DA:148,0
DA:149,0
DA:152,0
DA:153,0
DA:154,0
DA:156,0
DA:157,0
DA:158,0
DA:159,0
DA:160,0
DA:161,0
DA:164,0
DA:165,0
DA:166,0
DA:168,0
DA:171,0
DA:172,0
DA:175,0
DA:176,0
DA:177,0
DA:178,0
DA:180,0
DA:183,0
DA:184,0
DA:185,0
DA:190,0
DA:191,0
DA:209,0
DA:210,0
DA:212,0
DA:213,0
DA:215,0
DA:216,0
DA:218,0
DA:219,0
DA:220,0
DA:224,0
DA:225,0
DA:281,0
DA:296,0
DA:309,0
DA:322,0
DA:335,0
DA:348,0
DA:365,0
DA:371,0
DA:376,0
DA:378,0
DA:379,0
DA:382,0
DA:383,0
DA:384,0
DA:388,0
DA:389,0
DA:390,0
DA:391,0
DA:425,0
DA:428,0
LF:121
LH:0
BRDA:90,0,0,0
BRDA:90,0,1,0
BRDA:123,1,0,0
BRDA:123,1,1,0
BRDA:123,2,0,0
BRDA:123,2,1,0
BRDA:156,3,0,0
BRDA:156,3,1,0
BRDA:157,4,0,0
BRDA:157,4,1,0
BRDA:158,5,0,0
BRDA:158,5,1,0
BRDA:159,6,0,0
BRDA:159,6,1,0
BRDA:160,7,0,0
BRDA:160,7,1,0
BRDA:161,8,0,0
BRDA:161,8,1,0
BRDA:184,9,0,0
BRDA:184,9,1,0
BRDA:213,10,0,0
BRDA:213,10,1,0
BRDA:218,11,0,0
BRDA:218,11,1,0
BRDA:281,12,0,0
BRDA:281,12,1,0
BRDA:366,13,0,0
BRDA:367,14,0,0
BRDA:368,15,0,0
BRDA:369,16,0,0
BRDA:383,17,0,0
BRDA:383,17,1,0
BRDA:383,18,0,0
BRDA:383,18,1,0
BRDA:389,19,0,0
BRDA:389,19,1,0
BRDA:389,20,0,0
BRDA:389,20,1,0
BRDA:406,21,0,0
BRDA:414,22,0,0
BRF:40
BRH:0
end_of_record
TN:
SF:src/components/three/visualizers/WaveAnimation.tsx
FN:40,(anonymous_8)
FN:45,(anonymous_9)
FN:61,(anonymous_10)
FN:65,(anonymous_11)
FN:69,(anonymous_12)
FN:73,(anonymous_13)
FN:112,(anonymous_14)
FN:370,(anonymous_15)
FN:391,(anonymous_16)
FN:394,(anonymous_17)
FN:398,(anonymous_18)
FN:421,(anonymous_19)
FN:424,(anonymous_20)
FN:438,(anonymous_21)
FN:442,(anonymous_22)
FN:450,(anonymous_23)
FN:458,(anonymous_24)
FN:478,(anonymous_25)
FN:551,(anonymous_26)
FNF:19
FNH:0
FNDA:0,(anonymous_8)
FNDA:0,(anonymous_9)
FNDA:0,(anonymous_10)
FNDA:0,(anonymous_11)
FNDA:0,(anonymous_12)
FNDA:0,(anonymous_13)
FNDA:0,(anonymous_14)
FNDA:0,(anonymous_15)
FNDA:0,(anonymous_16)
FNDA:0,(anonymous_17)
FNDA:0,(anonymous_18)
FNDA:0,(anonymous_19)
FNDA:0,(anonymous_20)
FNDA:0,(anonymous_21)
FNDA:0,(anonymous_22)
FNDA:0,(anonymous_23)
FNDA:0,(anonymous_24)
FNDA:0,(anonymous_25)
FNDA:0,(anonymous_26)
DA:3,0
DA:4,0
DA:5,0
DA:36,0
DA:37,0
DA:38,0
DA:41,0
DA:42,0
DA:46,0
DA:47,0
DA:62,0
DA:66,0
DA:70,0
DA:74,0
DA:75,0
DA:76,0
DA:78,0
DA:79,0
DA:80,0
DA:82,0
DA:84,0
DA:85,0
DA:87,0
DA:88,0
DA:89,0
DA:90,0
DA:91,0
DA:93,0
DA:94,0
DA:95,0
DA:100,0
DA:101,0
DA:105,0
DA:106,0
DA:109,0
DA:113,0
DA:114,0
DA:115,0
DA:116,0
DA:118,0
DA:123,0
DA:370,0
DA:386,0
DA:387,0
DA:388,0
DA:391,0
DA:394,0
DA:395,0
DA:398,0
DA:399,0
DA:408,0
DA:409,0
DA:410,0
DA:411,0
DA:412,0
DA:413,0
DA:414,0
DA:415,0
DA:417,0
DA:421,0
DA:422,0
DA:424,0
DA:425,0
DA:426,0
DA:428,0
DA:429,0
DA:431,0
DA:432,0
DA:435,0
DA:438,0
DA:439,0
DA:442,0
DA:443,0
DA:446,0
DA:447,0
DA:448,0
DA:450,0
DA:451,0
DA:452,0
DA:453,0
DA:458,0
DA:459,0
DA:462,0
DA:463,0
DA:466,0
DA:467,0
DA:468,0
DA:469,0
DA:470,0
DA:473,0
DA:474,0
DA:478,0
DA:479,0
DA:481,0
DA:482,0
DA:483,0
DA:484,0
DA:485,0
DA:486,0
DA:508,0
DA:551,0
DA:552,0
DA:553,0
DA:556,0
LF:104
LH:0
BRDA:40,0,0,0
BRDA:82,1,0,0
BRDA:82,1,1,0
BRDA:82,1,2,0
BRDA:100,2,0,0
BRDA:100,2,1,0
BRDA:112,3,0,0
BRDA:371,4,0,0
BRDA:372,5,0,0
BRDA:373,6,0,0
BRDA:374,7,0,0
BRDA:375,8,0,0
BRDA:376,9,0,0
BRDA:377,10,0,0
BRDA:378,11,0,0
BRDA:379,12,0,0
BRDA:380,13,0,0
BRDA:381,14,0,0
BRDA:382,15,0,0
BRDA:383,16,0,0
BRDA:384,17,0,0
BRDA:413,18,0,0
BRDA:413,18,1,0
BRDA:422,19,0,0
BRDA:422,19,1,0
BRDA:431,20,0,0
BRDA:431,20,1,0
BRDA:459,21,0,0
BRDA:459,21,1,0
BRDA:479,22,0,0
BRDA:479,22,1,0
BRDA:486,23,0,0
BRDA:486,23,1,0
BRF:33
BRH:0
end_of_record
TN:
SF:src/data/linkedin-experience.ts
FNF:0
FNH:0
DA:13,0
DA:52,0
DA:210,0
LF:3
LH:0
BRF:0
BRH:0
end_of_record
TN:
SF:src/data/linkedin-profile.ts
FNF:0
FNH:0
DA:3,0
LF:1
LH:0
BRF:0
BRH:0
end_of_record
TN:
SF:src/hooks/useGitHubStats.ts
FN:12,useGitHubStats
FN:17,(anonymous_2)
FN:31,(anonymous_3)
FN:37,(anonymous_4)
FNF:4
FNH:0
FNDA:0,useGitHubStats
FNDA:0,(anonymous_2)
FNDA:0,(anonymous_3)
FNDA:0,(anonymous_4)
DA:1,0
DA:2,0
DA:12,0
DA:13,0
DA:14,0
DA:15,0
DA:17,0
DA:18,0
DA:19,0
DA:20,0
DA:21,0
DA:22,0
DA:24,0
DA:25,0
DA:27,0
DA:31,0
DA:32,0
DA:35,0
DA:37,0
DA:40,0
LF:20
LH:0
BRDA:24,0,0,0
BRDA:24,0,1,0
BRF:2
BRH:0
end_of_record
TN:
SF:src/hooks/useIntersectionObserver.ts
FN:7,useIntersectionObserver
FN:13,(anonymous_2)
FN:20,(anonymous_3)
FN:31,(anonymous_4)
FNF:4
FNH:0
FNDA:0,useIntersectionObserver
FNDA:0,(anonymous_2)
FNDA:0,(anonymous_3)
FNDA:0,(anonymous_4)
DA:1,0
DA:7,0
DA:11,0
DA:13,0
DA:14,0
DA:15,0
DA:17,0
DA:19,0
DA:21,0
DA:22,0
DA:23,0
DA:29,0
DA:31,0
DA:32,0
DA:36,0
LF:15
LH:0
BRDA:9,0,0,0
BRDA:15,1,0,0
BRDA:15,1,1,0
BRDA:17,2,0,0
BRDA:17,3,0,0
BRDA:17,4,0,0
BRDA:17,5,0,0
BRDA:22,6,0,0
BRDA:22,6,1,0
BRDA:22,7,0,0
BRDA:22,7,1,0
BRF:11
BRH:0
end_of_record
TN:
SF:src/hooks/useLinkedInProfile.ts
FN:19,(anonymous_4)
FN:26,(anonymous_5)
FN:50,(anonymous_6)
FN:55,(anonymous_7)
FN:59,(anonymous_8)
FN:75,(anonymous_9)
FN:81,(anonymous_10)
FN:82,(anonymous_11)
FN:115,(anonymous_12)
FN:121,(anonymous_13)
FN:127,(anonymous_14)
FN:131,(anonymous_15)
FN:138,(anonymous_16)
FN:145,(anonymous_17)
FN:150,(anonymous_18)
FN:155,(anonymous_19)
FN:160,(anonymous_20)
FN:161,(anonymous_21)
FN:189,(anonymous_22)
FNF:19
FNH:0
FNDA:0,(anonymous_4)
FNDA:0,(anonymous_5)
FNDA:0,(anonymous_6)
FNDA:0,(anonymous_7)
FNDA:0,(anonymous_8)
FNDA:0,(anonymous_9)
FNDA:0,(anonymous_10)
FNDA:0,(anonymous_11)
FNDA:0,(anonymous_12)
FNDA:0,(anonymous_13)
FNDA:0,(anonymous_14)
FNDA:0,(anonymous_15)
FNDA:0,(anonymous_16)
FNDA:0,(anonymous_17)
FNDA:0,(anonymous_18)
FNDA:0,(anonymous_19)
FNDA:0,(anonymous_20)
FNDA:0,(anonymous_21)
FNDA:0,(anonymous_22)
DA:1,0
DA:3,0
DA:19,0
DA:20,0
DA:21,0
DA:22,0
DA:23,0
DA:24,0
DA:26,0
DA:27,0
DA:28,0
DA:29,0
DA:32,0
DA:38,0
DA:39,0
DA:40,0
DA:42,0
DA:43,0
DA:44,0
DA:46,0
DA:50,0
DA:51,0
DA:52,0
DA:55,0
DA:56,0
DA:59,0
DA:60,0
DA:63,0
DA:75,0
DA:76,0
DA:77,0
DA:78,0
DA:79,0
DA:81,0
DA:82,0
DA:83,0
DA:84,0
DA:85,0
DA:87,0
DA:92,0
DA:93,0
DA:95,0
DA:96,0
DA:97,0
DA:99,0
DA:103,0
DA:106,0
DA:115,0
DA:116,0
DA:117,0
DA:118,0
DA:119,0
DA:121,0
DA:122,0
DA:124,0
DA:125,0
DA:127,0
DA:131,0
DA:132,0
DA:134,0
DA:135,0
DA:137,0
DA:139,0
DA:140,0
DA:145,0
DA:146,0
DA:148,0
DA:149,0
DA:151,0
DA:155,0
DA:160,0
DA:161,0
DA:162,0
DA:163,0
DA:164,0
DA:166,0
DA:167,0
DA:168,0
DA:170,0
DA:171,0
DA:172,0
DA:174,0
DA:178,0
DA:181,0
DA:189,0
LF:85
LH:0
BRDA:42,0,0,0
BRDA:42,0,1,0
BRDA:95,1,0,0
BRDA:95,1,1,0
BRDA:122,2,0,0
BRDA:122,2,1,0
BRDA:124,3,0,0
BRDA:124,3,1,0
BRDA:132,4,0,0
BRDA:132,4,1,0
BRDA:140,5,0,0
BRDA:140,5,1,0
BRDA:146,6,0,0
BRDA:146,6,1,0
BRDA:151,7,0,0
BRDA:151,7,1,0
BRDA:151,7,2,0
BRDA:151,7,3,0
BRDA:151,7,4,0
BRDA:170,8,0,0
BRDA:170,8,1,0
BRF:21
BRH:0
end_of_record
TN:
SF:src/hooks/useVersionInfo.ts
FN:59,(anonymous_3)
FN:65,(anonymous_4)
FN:66,(anonymous_5)
FN:101,(anonymous_6)
FN:108,(anonymous_7)
FN:115,(anonymous_8)
FN:132,(anonymous_9)
FN:145,(anonymous_10)
FN:157,(anonymous_11)
FN:170,(anonymous_12)
FN:176,(anonymous_13)
FNF:11
FNH:0
FNDA:0,(anonymous_3)
FNDA:0,(anonymous_4)
FNDA:0,(anonymous_5)
FNDA:0,(anonymous_6)
FNDA:0,(anonymous_7)
FNDA:0,(anonymous_8)
FNDA:0,(anonymous_9)
FNDA:0,(anonymous_10)
FNDA:0,(anonymous_11)
FNDA:0,(anonymous_12)
FNDA:0,(anonymous_13)
DA:1,0
DA:59,0
DA:60,0
DA:61,0
DA:62,0
DA:63,0
DA:65,0
DA:66,0
DA:67,0
DA:68,0
DA:71,0
DA:72,0
DA:73,0
DA:75,0
DA:76,0
DA:79,0
DA:80,0
DA:81,0
DA:83,0
DA:84,0
DA:86,0
DA:88,0
DA:89,0
DA:91,0
DA:95,0
DA:101,0
DA:102,0
DA:108,0
DA:109,0
DA:115,0
DA:119,0
DA:120,0
DA:122,0
DA:123,0
DA:126,0
DA:132,0
DA:136,0
DA:137,0
DA:139,0
DA:145,0
DA:146,0
DA:148,0
DA:149,0
DA:151,0
DA:157,0
DA:158,0
DA:160,0
DA:170,0
DA:171,0
DA:173,0
DA:176,0
DA:177,0
DA:178,0
DA:185,0
DA:186,0
DA:191,0
DA:194,0
DA:212,0
LF:58
LH:0
BRDA:72,0,0,0
BRDA:72,0,1,0
BRDA:80,1,0,0
BRDA:80,1,1,0
BRDA:88,2,0,0
BRDA:88,2,1,0
BRDA:102,3,0,0
BRDA:102,3,1,0
BRDA:109,4,0,0
BRDA:109,4,1,0
BRDA:120,5,0,0
BRDA:120,5,1,0
BRDA:122,6,0,0
BRDA:122,6,1,0
BRDA:137,7,0,0
BRDA:137,7,1,0
BRDA:137,8,0,0
BRDA:137,8,1,0
BRDA:146,9,0,0
BRDA:146,9,1,0
BRDA:158,10,0,0
BRDA:158,10,1,0
BRDA:173,11,0,0
BRDA:173,11,1,0
BRDA:173,12,0,0
BRDA:173,12,1,0
BRDA:177,13,0,0
BRDA:177,13,1,0
BRDA:177,14,0,0
BRDA:177,14,1,0
BRDA:185,15,0,0
BRDA:185,15,1,0
BRF:32
BRH:0
end_of_record
TN:
SF:src/lib/utils.ts
FN:4,cn
FN:11,(anonymous_8)
FN:27,(anonymous_9)
FN:31,(anonymous_10)
FN:42,(anonymous_11)
FN:77,(anonymous_12)
FN:81,(anonymous_13)
FN:91,(anonymous_14)
FN:96,(anonymous_15)
FN:104,(anonymous_16)
FN:107,(anonymous_17)
FN:110,(anonymous_18)
FN:113,(anonymous_19)
FN:118,(anonymous_20)
FN:125,(anonymous_21)
FN:129,(anonymous_22)
FN:133,(anonymous_23)
FN:142,(anonymous_24)
FN:151,(anonymous_25)
FN:167,(anonymous_26)
FN:172,(anonymous_27)
FN:177,(anonymous_28)
FNF:22
FNH:0
FNDA:0,cn
FNDA:0,(anonymous_8)
FNDA:0,(anonymous_9)
FNDA:0,(anonymous_10)
FNDA:0,(anonymous_11)
FNDA:0,(anonymous_12)
FNDA:0,(anonymous_13)
FNDA:0,(anonymous_14)
FNDA:0,(anonymous_15)
FNDA:0,(anonymous_16)
FNDA:0,(anonymous_17)
FNDA:0,(anonymous_18)
FNDA:0,(anonymous_19)
FNDA:0,(anonymous_20)
FNDA:0,(anonymous_21)
FNDA:0,(anonymous_22)
FNDA:0,(anonymous_23)
FNDA:0,(anonymous_24)
FNDA:0,(anonymous_25)
FNDA:0,(anonymous_26)
FNDA:0,(anonymous_27)
FNDA:0,(anonymous_28)
DA:1,0
DA:2,0
DA:4,0
DA:5,0
DA:9,0
DA:12,0
DA:13,0
DA:14,0
DA:16,0
DA:18,0
DA:19,0
DA:22,0
DA:23,0
DA:25,0
DA:27,0
DA:28,0
DA:31,0
DA:32,0
DA:35,0
DA:37,0
DA:43,0
DA:70,0
DA:75,0
DA:78,0
DA:82,0
DA:83,0
DA:92,0
DA:97,0
DA:102,0
DA:104,0
DA:107,0
DA:110,0
DA:114,0
DA:119,0
DA:124,0
DA:126,0
DA:130,0
DA:134,0
DA:135,0
DA:136,0
DA:138,0
DA:143,0
DA:144,0
DA:145,0
DA:147,0
DA:152,0
DA:153,0
DA:154,0
DA:155,0
DA:157,0
DA:160,0
DA:165,0
DA:168,0
DA:173,0
DA:178,0
DA:179,0
LF:56
LH:0
BRDA:16,0,0,0
BRDA:16,0,1,0
BRDA:19,1,0,0
BRDA:19,1,1,0
BRDA:27,2,0,0
BRDA:27,2,1,0
BRDA:31,3,0,0
BRDA:31,3,1,0
BRDA:78,4,0,0
BRDA:78,4,1,0
BRDA:83,5,0,0
BRDA:83,5,1,0
BRDA:85,6,0,0
BRDA:85,6,1,0
BRDA:130,7,0,0
BRDA:130,7,1,0
BRDA:136,8,0,0
BRDA:136,8,1,0
BRDA:145,9,0,0
BRDA:145,9,1,0
BRDA:152,10,0,0
BRDA:152,10,1,0
BRDA:152,11,0,0
BRDA:152,11,1,0
BRDA:178,12,0,0
BRDA:178,12,1,0
BRF:26
BRH:0
end_of_record
TN:
SF:src/services/github-api.ts
FN:41,(anonymous_2)
FN:81,(anonymous_3)
FN:85,(anonymous_4)
FN:92,(anonymous_5)
FN:99,(anonymous_6)
FN:105,(anonymous_7)
FN:106,(anonymous_8)
FN:119,(anonymous_9)
FN:121,(anonymous_10)
FN:128,(anonymous_11)
FN:131,(anonymous_12)
FN:136,(anonymous_13)
FN:139,(anonymous_14)
FN:147,(anonymous_15)
FN:148,(anonymous_16)
FN:161,(anonymous_17)
FN:168,(anonymous_18)
FN:170,(anonymous_19)
FN:173,(anonymous_20)
FN:193,(anonymous_21)
FN:220,(anonymous_22)
FN:225,(anonymous_23)
FN:263,(anonymous_24)
FN:277,(anonymous_25)
FN:291,(anonymous_26)
FN:295,(anonymous_27)
FN:297,(anonymous_28)
FN:312,(anonymous_29)
FN:313,(anonymous_30)
FN:314,(anonymous_31)
FN:332,(anonymous_32)
FN:342,(anonymous_33)
FN:365,(anonymous_34)
FN:368,(anonymous_35)
FN:372,(anonymous_36)
FN:388,(anonymous_37)
FN:392,(anonymous_38)
FN:406,(anonymous_39)
FN:408,(anonymous_40)
FN:412,(anonymous_41)
FN:424,(anonymous_42)
FN:432,(anonymous_43)
FN:438,(anonymous_44)
FN:449,(anonymous_45)
FN:472,(anonymous_46)
FN:480,(anonymous_47)
FN:486,(anonymous_48)
FN:490,(anonymous_49)
FN:496,(anonymous_50)
FN:500,(anonymous_51)
FN:508,(anonymous_52)
FNF:51
FNH:0
FNDA:0,(anonymous_2)
FNDA:0,(anonymous_3)
FNDA:0,(anonymous_4)
FNDA:0,(anonymous_5)
FNDA:0,(anonymous_6)
FNDA:0,(anonymous_7)
FNDA:0,(anonymous_8)
FNDA:0,(anonymous_9)
FNDA:0,(anonymous_10)
FNDA:0,(anonymous_11)
FNDA:0,(anonymous_12)
FNDA:0,(anonymous_13)
FNDA:0,(anonymous_14)
FNDA:0,(anonymous_15)
FNDA:0,(anonymous_16)
FNDA:0,(anonymous_17)
FNDA:0,(anonymous_18)
FNDA:0,(anonymous_19)
FNDA:0,(anonymous_20)
FNDA:0,(anonymous_21)
FNDA:0,(anonymous_22)
FNDA:0,(anonymous_23)
FNDA:0,(anonymous_24)
FNDA:0,(anonymous_25)
FNDA:0,(anonymous_26)
FNDA:0,(anonymous_27)
FNDA:0,(anonymous_28)
FNDA:0,(anonymous_29)
FNDA:0,(anonymous_30)
FNDA:0,(anonymous_31)
FNDA:0,(anonymous_32)
FNDA:0,(anonymous_33)
FNDA:0,(anonymous_34)
FNDA:0,(anonymous_35)
FNDA:0,(anonymous_36)
FNDA:0,(anonymous_37)
FNDA:0,(anonymous_38)
FNDA:0,(anonymous_39)
FNDA:0,(anonymous_40)
FNDA:0,(anonymous_41)
FNDA:0,(anonymous_42)
FNDA:0,(anonymous_43)
FNDA:0,(anonymous_44)
FNDA:0,(anonymous_45)
FNDA:0,(anonymous_46)
FNDA:0,(anonymous_47)
FNDA:0,(anonymous_48)
FNDA:0,(anonymous_49)
FNDA:0,(anonymous_50)
FNDA:0,(anonymous_51)
FNDA:0,(anonymous_52)
DA:1,0
DA:37,0
DA:38,0
DA:39,0
DA:42,0
DA:43,0
DA:45,0
DA:46,0
DA:49,0
DA:50,0
DA:60,0
DA:66,0
DA:68,0
DA:69,0
DA:72,0
DA:73,0
DA:74,0
DA:77,0
DA:82,0
DA:100,0
DA:101,0
DA:104,0
DA:105,0
DA:107,0
DA:108,0
DA:109,0
DA:111,0
DA:112,0
DA:116,0
DA:119,0
DA:120,0
DA:121,0
DA:122,0
DA:128,0
DA:130,0
DA:131,0
DA:136,0
DA:140,0
DA:145,0
DA:147,0
DA:148,0
DA:150,0
DA:169,0
DA:170,0
DA:174,0
DA:176,0
DA:194,0
DA:196,0
DA:197,0
DA:199,0
DA:200,0
DA:201,0
DA:202,0
DA:204,0
DA:206,0
DA:208,0
DA:210,0
DA:212,0
DA:214,0
DA:216,0
DA:221,0
DA:223,0
DA:225,0
DA:230,0
DA:232,0
DA:237,0
DA:239,0
DA:244,0
DA:246,0
DA:250,0
DA:252,0
DA:257,0
DA:260,0
DA:264,0
DA:274,0
DA:278,0
DA:288,0
DA:292,0
DA:296,0
DA:297,0
DA:309,0
DA:312,0
DA:313,0
DA:314,0
DA:315,0
DA:316,0
DA:320,0
DA:334,0
DA:335,0
DA:336,0
DA:337,0
DA:339,0
DA:343,0
DA:362,0
DA:366,0
DA:368,0
DA:369,0
DA:371,0
DA:372,0
DA:373,0
DA:376,0
DA:377,0
DA:387,0
DA:388,0
DA:389,0
DA:392,0
DA:393,0
DA:403,0
DA:408,0
DA:409,0
DA:415,0
DA:416,0
DA:419,0
DA:420,0
DA:422,0
DA:424,0
DA:432,0
DA:439,0
DA:440,0
DA:442,0
DA:444,0
DA:445,0
DA:446,0
DA:449,0
DA:450,0
DA:451,0
DA:452,0
DA:453,0
DA:456,0
DA:458,0
DA:466,0
DA:469,0
DA:473,0
DA:474,0
DA:475,0
DA:476,0
DA:477,0
DA:481,0
DA:482,0
DA:483,0
DA:487,0
DA:488,0
DA:490,0
DA:491,0
DA:492,0
DA:493,0
DA:496,0
DA:497,0
DA:500,0
DA:504,0
DA:509,0
DA:513,0
LF:152
LH:0
BRDA:41,0,0,0
BRDA:45,1,0,0
BRDA:45,1,1,0
BRDA:45,2,0,0
BRDA:45,2,1,0
BRDA:53,3,0,0
BRDA:53,3,1,0
BRDA:68,4,0,0
BRDA:68,4,1,0
BRDA:72,5,0,0
BRDA:72,5,1,0
BRDA:105,6,0,0
BRDA:105,6,1,0
BRDA:120,7,0,0
BRDA:120,7,1,0
BRDA:122,8,0,0
BRDA:122,8,1,0
BRDA:134,9,0,0
BRDA:134,9,1,0
BRDA:161,10,0,0
BRDA:161,11,0,0
BRDA:168,12,0,0
BRDA:194,13,0,0
BRDA:194,13,1,0
BRDA:194,13,2,0
BRDA:194,13,3,0
BRDA:194,13,4,0
BRDA:194,13,5,0
BRDA:194,13,6,0
BRDA:194,13,7,0
BRDA:196,14,0,0
BRDA:196,14,1,0
BRDA:197,15,0,0
BRDA:197,15,1,0
BRDA:199,16,0,0
BRDA:199,16,1,0
BRDA:201,17,0,0
BRDA:201,17,1,0
BRDA:223,18,0,0
BRDA:223,18,1,0
BRDA:223,18,2,0
BRDA:223,18,3,0
BRDA:223,18,4,0
BRDA:247,19,0,0
BRDA:247,19,1,0
BRDA:274,20,0,0
BRDA:274,20,1,0
BRDA:288,21,0,0
BRDA:288,21,1,0
BRDA:302,22,0,0
BRDA:302,22,1,0
BRDA:315,23,0,0
BRDA:315,23,1,0
BRDA:315,24,0,0
BRDA:315,24,1,0
BRDA:362,25,0,0
BRDA:362,25,1,0
BRDA:369,26,0,0
BRDA:369,26,1,0
BRDA:373,27,0,0
BRDA:373,27,1,0
BRDA:373,27,2,0
BRDA:376,28,0,0
BRDA:376,28,1,0
BRDA:387,29,0,0
BRDA:387,29,1,0
BRDA:389,30,0,0
BRDA:389,30,1,0
BRDA:445,31,0,0
BRDA:445,31,1,0
BRDA:446,32,0,0
BRDA:446,32,1,0
BRDA:450,33,0,0
BRDA:450,33,1,0
BRDA:473,34,0,0
BRDA:473,34,1,0
BRDA:474,35,0,0
BRDA:474,35,1,0
BRDA:475,36,0,0
BRDA:475,36,1,0
BRDA:476,37,0,0
BRDA:476,37,1,0
BRDA:491,38,0,0
BRDA:491,38,1,0
BRDA:499,39,0,0
BRDA:499,39,1,0
BRF:86
BRH:0
end_of_record
TN:
SF:src/services/linkedin-api.ts
FN:259,(anonymous_1)
FN:273,(anonymous_2)
FN:329,(anonymous_3)
FN:334,(anonymous_4)
FN:339,(anonymous_5)
FN:344,(anonymous_6)
FN:348,(anonymous_7)
FN:358,(anonymous_8)
FN:361,(anonymous_9)
FN:365,(anonymous_10)
FN:373,(anonymous_11)
FN:379,(anonymous_12)
FN:384,(anonymous_13)
FN:385,(anonymous_14)
FN:395,(anonymous_15)
FN:399,(anonymous_16)
FNF:16
FNH:0
FNDA:0,(anonymous_1)
FNDA:0,(anonymous_2)
FNDA:0,(anonymous_3)
FNDA:0,(anonymous_4)
FNDA:0,(anonymous_5)
FNDA:0,(anonymous_6)
FNDA:0,(anonymous_7)
FNDA:0,(anonymous_8)
FNDA:0,(anonymous_9)
FNDA:0,(anonymous_10)
FNDA:0,(anonymous_11)
FNDA:0,(anonymous_12)
FNDA:0,(anonymous_13)
FNDA:0,(anonymous_14)
FNDA:0,(anonymous_15)
FNDA:0,(anonymous_16)
DA:4,0
DA:255,0
DA:256,0
DA:257,0
DA:263,0
DA:264,0
DA:266,0
DA:267,0
DA:270,0
DA:272,0
DA:273,0
DA:277,0
DA:279,0
DA:284,0
DA:286,0
DA:291,0
DA:293,0
DA:298,0
DA:300,0
DA:303,0
DA:304,0
DA:308,0
DA:316,0
DA:317,0
DA:320,0
DA:321,0
DA:322,0
DA:324,0
DA:325,0
DA:330,0
DA:331,0
DA:335,0
DA:336,0
DA:340,0
DA:341,0
DA:345,0
DA:346,0
DA:348,0
DA:349,0
DA:350,0
DA:352,0
DA:355,0
DA:359,0
DA:360,0
DA:361,0
DA:370,0
DA:371,0
DA:373,0
DA:374,0
DA:379,0
DA:380,0
DA:383,0
DA:384,0
DA:385,0
DA:386,0
DA:387,0
DA:392,0
DA:396,0
DA:400,0
DA:407,0
LF:60
LH:0
BRDA:266,0,0,0
BRDA:266,0,1,0
BRDA:266,1,0,0
BRDA:266,1,1,0
BRDA:272,2,0,0
BRDA:272,2,1,0
BRDA:277,3,0,0
BRDA:277,3,1,0
BRDA:277,3,2,0
BRDA:277,3,3,0
BRDA:316,4,0,0
BRDA:316,4,1,0
BRDA:349,5,0,0
BRDA:349,5,1,0
BRDA:358,6,0,0
BRDA:374,7,0,0
BRDA:374,7,1,0
BRDA:374,7,2,0
BRDA:386,8,0,0
BRDA:386,8,1,0
BRDA:255,9,0,0
BRDA:255,9,1,0
BRF:22
BRH:0
end_of_record
